mode: set
github.com/sunquan/rick/internal/prompt/builder.go:16.64,22.2 1 1
github.com/sunquan/rick/internal/prompt/builder.go:25.72,28.2 2 1
github.com/sunquan/rick/internal/prompt/builder.go:31.83,34.2 2 1
github.com/sunquan/rick/internal/prompt/builder.go:37.50,38.24 1 1
github.com/sunquan/rick/internal/prompt/builder.go:38.24,40.3 1 1
github.com/sunquan/rick/internal/prompt/builder.go:42.2,50.20 4 1
github.com/sunquan/rick/internal/prompt/builder.go:54.66,58.39 2 1
github.com/sunquan/rick/internal/prompt/builder.go:58.39,61.3 2 1
github.com/sunquan/rick/internal/prompt/builder.go:63.2,63.15 1 1
github.com/sunquan/rick/internal/prompt/builder.go:68.63,72.37 2 1
github.com/sunquan/rick/internal/prompt/builder.go:72.37,76.3 3 1
github.com/sunquan/rick/internal/prompt/builder.go:78.2,78.15 1 1
github.com/sunquan/rick/internal/prompt/builder.go:82.50,83.24 1 1
github.com/sunquan/rick/internal/prompt/builder.go:83.24,85.3 1 1
github.com/sunquan/rick/internal/prompt/builder.go:86.2,86.30 1 1
github.com/sunquan/rick/internal/prompt/builder.go:90.57,92.45 2 1
github.com/sunquan/rick/internal/prompt/builder.go:92.45,93.51 1 1
github.com/sunquan/rick/internal/prompt/builder.go:93.51,94.68 1 1
github.com/sunquan/rick/internal/prompt/builder.go:94.68,96.5 1 1
github.com/sunquan/rick/internal/prompt/builder.go:99.2,99.16 1 1
github.com/sunquan/rick/internal/prompt/context.go:24.54,33.2 1 1
github.com/sunquan/rick/internal/prompt/context.go:36.61,37.17 1 1
github.com/sunquan/rick/internal/prompt/context.go:37.17,39.3 1 1
github.com/sunquan/rick/internal/prompt/context.go:41.2,45.12 4 1
github.com/sunquan/rick/internal/prompt/context.go:49.75,51.16 2 1
github.com/sunquan/rick/internal/prompt/context.go:51.16,53.3 1 0
github.com/sunquan/rick/internal/prompt/context.go:55.2,59.12 4 1
github.com/sunquan/rick/internal/prompt/context.go:63.68,65.16 2 1
github.com/sunquan/rick/internal/prompt/context.go:65.16,67.3 1 1
github.com/sunquan/rick/internal/prompt/context.go:69.2,69.49 1 1
github.com/sunquan/rick/internal/prompt/context.go:73.71,75.16 2 1
github.com/sunquan/rick/internal/prompt/context.go:75.16,77.3 1 0
github.com/sunquan/rick/internal/prompt/context.go:79.2,83.12 4 1
github.com/sunquan/rick/internal/prompt/context.go:87.66,89.16 2 1
github.com/sunquan/rick/internal/prompt/context.go:89.16,91.3 1 0
github.com/sunquan/rick/internal/prompt/context.go:93.2,93.47 1 1
github.com/sunquan/rick/internal/prompt/context.go:97.73,99.16 2 1
github.com/sunquan/rick/internal/prompt/context.go:99.16,101.3 1 0
github.com/sunquan/rick/internal/prompt/context.go:103.2,107.12 4 1
github.com/sunquan/rick/internal/prompt/context.go:111.67,113.16 2 1
github.com/sunquan/rick/internal/prompt/context.go:113.16,115.3 1 0
github.com/sunquan/rick/internal/prompt/context.go:117.2,117.48 1 1
github.com/sunquan/rick/internal/prompt/context.go:122.68,123.25 1 1
github.com/sunquan/rick/internal/prompt/context.go:123.25,125.3 1 1
github.com/sunquan/rick/internal/prompt/context.go:127.2,131.12 4 1
github.com/sunquan/rick/internal/prompt/context.go:135.70,137.16 2 1
github.com/sunquan/rick/internal/prompt/context.go:137.16,139.3 1 1
github.com/sunquan/rick/internal/prompt/context.go:142.2,143.22 2 1
github.com/sunquan/rick/internal/prompt/context.go:143.22,146.30 2 1
github.com/sunquan/rick/internal/prompt/context.go:146.30,148.21 2 1
github.com/sunquan/rick/internal/prompt/context.go:148.21,150.5 1 1
github.com/sunquan/rick/internal/prompt/context.go:154.2,154.37 1 1
github.com/sunquan/rick/internal/prompt/context.go:158.50,163.2 3 1
github.com/sunquan/rick/internal/prompt/context.go:166.56,171.2 3 1
github.com/sunquan/rick/internal/prompt/context.go:174.60,179.2 3 1
github.com/sunquan/rick/internal/prompt/context.go:182.61,187.2 3 1
github.com/sunquan/rick/internal/prompt/context.go:190.49,198.2 5 1
github.com/sunquan/rick/internal/prompt/context.go:201.45,206.2 3 1
github.com/sunquan/rick/internal/prompt/context.go:209.47,214.2 3 1
github.com/sunquan/rick/internal/prompt/context.go:217.50,222.2 3 1
github.com/sunquan/rick/internal/prompt/context.go:225.45,230.2 3 1
github.com/sunquan/rick/internal/prompt/context.go:233.46,238.2 3 1
github.com/sunquan/rick/internal/prompt/context.go:241.45,246.2 3 1
github.com/sunquan/rick/internal/prompt/doing_prompt.go:12.129,13.17 1 1
github.com/sunquan/rick/internal/prompt/doing_prompt.go:13.17,15.3 1 1
github.com/sunquan/rick/internal/prompt/doing_prompt.go:17.2,17.23 1 1
github.com/sunquan/rick/internal/prompt/doing_prompt.go:17.23,19.3 1 1
github.com/sunquan/rick/internal/prompt/doing_prompt.go:21.2,21.20 1 1
github.com/sunquan/rick/internal/prompt/doing_prompt.go:21.20,23.3 1 1
github.com/sunquan/rick/internal/prompt/doing_prompt.go:26.2,27.16 2 1
github.com/sunquan/rick/internal/prompt/doing_prompt.go:27.16,29.3 1 1
github.com/sunquan/rick/internal/prompt/doing_prompt.go:32.2,65.20 18 1
github.com/sunquan/rick/internal/prompt/doing_prompt.go:65.20,68.3 2 1
github.com/sunquan/rick/internal/prompt/doing_prompt.go:68.8,71.3 1 1
github.com/sunquan/rick/internal/prompt/doing_prompt.go:74.2,75.16 2 1
github.com/sunquan/rick/internal/prompt/doing_prompt.go:75.16,77.3 1 0
github.com/sunquan/rick/internal/prompt/doing_prompt.go:79.2,79.20 1 1
github.com/sunquan/rick/internal/prompt/doing_prompt.go:83.51,84.26 1 1
github.com/sunquan/rick/internal/prompt/doing_prompt.go:84.26,86.3 1 1
github.com/sunquan/rick/internal/prompt/doing_prompt.go:88.2,89.32 2 1
github.com/sunquan/rick/internal/prompt/doing_prompt.go:89.32,91.3 1 1
github.com/sunquan/rick/internal/prompt/doing_prompt.go:93.2,93.25 1 1
github.com/sunquan/rick/internal/prompt/doing_prompt.go:97.41,112.2 1 1
github.com/sunquan/rick/internal/prompt/doing_prompt.go:115.52,116.23 1 1
github.com/sunquan/rick/internal/prompt/doing_prompt.go:116.23,118.3 1 1
github.com/sunquan/rick/internal/prompt/doing_prompt.go:120.2,121.31 2 1
github.com/sunquan/rick/internal/prompt/doing_prompt.go:121.31,123.3 1 1
github.com/sunquan/rick/internal/prompt/doing_prompt.go:125.2,125.25 1 1
github.com/sunquan/rick/internal/prompt/doing_prompt.go:129.59,130.28 1 1
github.com/sunquan/rick/internal/prompt/doing_prompt.go:130.28,132.3 1 1
github.com/sunquan/rick/internal/prompt/doing_prompt.go:134.2,136.35 3 1
github.com/sunquan/rick/internal/prompt/doing_prompt.go:136.35,138.3 1 1
github.com/sunquan/rick/internal/prompt/doing_prompt.go:140.2,140.25 1 1
github.com/sunquan/rick/internal/prompt/doing_prompt.go:144.61,145.53 1 1
github.com/sunquan/rick/internal/prompt/doing_prompt.go:145.53,147.3 1 0
github.com/sunquan/rick/internal/prompt/doing_prompt.go:149.2,150.42 2 1
github.com/sunquan/rick/internal/prompt/doing_prompt.go:150.42,153.28 2 1
github.com/sunquan/rick/internal/prompt/doing_prompt.go:153.28,155.4 1 1
github.com/sunquan/rick/internal/prompt/doing_prompt.go:157.3,157.29 1 1
github.com/sunquan/rick/internal/prompt/doing_prompt.go:157.29,159.4 1 1
github.com/sunquan/rick/internal/prompt/doing_prompt.go:161.3,161.25 1 1
github.com/sunquan/rick/internal/prompt/doing_prompt.go:161.25,163.4 1 1
github.com/sunquan/rick/internal/prompt/doing_prompt.go:165.3,165.22 1 1
github.com/sunquan/rick/internal/prompt/doing_prompt.go:165.22,167.4 1 1
github.com/sunquan/rick/internal/prompt/doing_prompt.go:169.3,169.27 1 1
github.com/sunquan/rick/internal/prompt/doing_prompt.go:169.27,171.4 1 1
github.com/sunquan/rick/internal/prompt/doing_prompt.go:173.3,173.28 1 1
github.com/sunquan/rick/internal/prompt/doing_prompt.go:176.2,176.25 1 1
github.com/sunquan/rick/internal/prompt/learning_prompt.go:12.111,13.17 1 1
github.com/sunquan/rick/internal/prompt/learning_prompt.go:13.17,15.3 1 1
github.com/sunquan/rick/internal/prompt/learning_prompt.go:17.2,17.23 1 1
github.com/sunquan/rick/internal/prompt/learning_prompt.go:17.23,19.3 1 1
github.com/sunquan/rick/internal/prompt/learning_prompt.go:21.2,21.20 1 1
github.com/sunquan/rick/internal/prompt/learning_prompt.go:21.20,23.3 1 1
github.com/sunquan/rick/internal/prompt/learning_prompt.go:26.2,27.16 2 1
github.com/sunquan/rick/internal/prompt/learning_prompt.go:27.16,29.3 1 1
github.com/sunquan/rick/internal/prompt/learning_prompt.go:32.2,73.16 22 1
github.com/sunquan/rick/internal/prompt/learning_prompt.go:73.16,75.3 1 0
github.com/sunquan/rick/internal/prompt/learning_prompt.go:77.2,77.20 1 1
github.com/sunquan/rick/internal/prompt/learning_prompt.go:81.58,82.23 1 1
github.com/sunquan/rick/internal/prompt/learning_prompt.go:82.23,84.3 1 1
github.com/sunquan/rick/internal/prompt/learning_prompt.go:86.2,88.31 3 1
github.com/sunquan/rick/internal/prompt/learning_prompt.go:88.31,90.3 1 1
github.com/sunquan/rick/internal/prompt/learning_prompt.go:92.2,92.25 1 1
github.com/sunquan/rick/internal/prompt/learning_prompt.go:96.59,97.17 1 1
github.com/sunquan/rick/internal/prompt/learning_prompt.go:97.17,99.3 1 1
github.com/sunquan/rick/internal/prompt/learning_prompt.go:101.2,106.30 5 1
github.com/sunquan/rick/internal/prompt/learning_prompt.go:106.30,108.38 2 1
github.com/sunquan/rick/internal/prompt/learning_prompt.go:108.38,110.4 1 1
github.com/sunquan/rick/internal/prompt/learning_prompt.go:111.3,111.28 1 1
github.com/sunquan/rick/internal/prompt/learning_prompt.go:114.2,114.27 1 1
github.com/sunquan/rick/internal/prompt/learning_prompt.go:114.27,116.3 1 1
github.com/sunquan/rick/internal/prompt/learning_prompt.go:118.2,118.25 1 1
github.com/sunquan/rick/internal/prompt/learning_prompt.go:122.69,123.53 1 1
github.com/sunquan/rick/internal/prompt/learning_prompt.go:123.53,125.3 1 1
github.com/sunquan/rick/internal/prompt/learning_prompt.go:127.2,130.42 3 1
github.com/sunquan/rick/internal/prompt/learning_prompt.go:130.42,133.28 2 1
github.com/sunquan/rick/internal/prompt/learning_prompt.go:133.28,135.4 1 1
github.com/sunquan/rick/internal/prompt/learning_prompt.go:137.3,137.29 1 1
github.com/sunquan/rick/internal/prompt/learning_prompt.go:137.29,139.4 1 1
github.com/sunquan/rick/internal/prompt/learning_prompt.go:141.3,141.22 1 1
github.com/sunquan/rick/internal/prompt/learning_prompt.go:141.22,143.4 1 1
github.com/sunquan/rick/internal/prompt/learning_prompt.go:145.3,145.27 1 1
github.com/sunquan/rick/internal/prompt/learning_prompt.go:145.27,147.4 1 1
github.com/sunquan/rick/internal/prompt/learning_prompt.go:149.3,149.28 1 1
github.com/sunquan/rick/internal/prompt/learning_prompt.go:152.2,152.25 1 1
github.com/sunquan/rick/internal/prompt/learning_prompt.go:156.65,157.53 1 1
github.com/sunquan/rick/internal/prompt/learning_prompt.go:157.53,159.3 1 1
github.com/sunquan/rick/internal/prompt/learning_prompt.go:161.2,165.42 4 1
github.com/sunquan/rick/internal/prompt/learning_prompt.go:165.42,166.55 1 1
github.com/sunquan/rick/internal/prompt/learning_prompt.go:166.55,171.4 4 1
github.com/sunquan/rick/internal/prompt/learning_prompt.go:174.2,174.22 1 1
github.com/sunquan/rick/internal/prompt/learning_prompt.go:174.22,176.3 1 1
github.com/sunquan/rick/internal/prompt/learning_prompt.go:178.2,178.25 1 1
github.com/sunquan/rick/internal/prompt/learning_prompt.go:182.32,192.2 1 1
github.com/sunquan/rick/internal/prompt/learning_prompt.go:195.33,216.2 1 1
github.com/sunquan/rick/internal/prompt/learning_prompt.go:219.38,241.2 1 1
github.com/sunquan/rick/internal/prompt/learning_prompt.go:244.35,266.2 1 1
github.com/sunquan/rick/internal/prompt/manager.go:25.58,30.2 1 1
github.com/sunquan/rick/internal/prompt/manager.go:33.77,36.48 2 1
github.com/sunquan/rick/internal/prompt/manager.go:36.48,39.3 2 1
github.com/sunquan/rick/internal/prompt/manager.go:40.2,45.16 4 1
github.com/sunquan/rick/internal/prompt/manager.go:45.16,47.3 1 1
github.com/sunquan/rick/internal/prompt/manager.go:49.2,60.22 5 1
github.com/sunquan/rick/internal/prompt/manager.go:64.48,69.38 3 1
github.com/sunquan/rick/internal/prompt/manager.go:69.38,70.29 1 1
github.com/sunquan/rick/internal/prompt/manager.go:70.29,72.44 1 1
github.com/sunquan/rick/internal/prompt/manager.go:72.44,73.31 1 1
github.com/sunquan/rick/internal/prompt/manager.go:73.31,77.43 3 1
github.com/sunquan/rick/internal/prompt/manager.go:77.43,80.7 2 1
github.com/sunquan/rick/internal/prompt/manager.go:81.6,82.11 2 1
github.com/sunquan/rick/internal/prompt/manager.go:88.2,88.18 1 1
github.com/sunquan/rick/internal/prompt/manager.go:92.33,96.99 3 1
github.com/sunquan/rick/internal/prompt/manager.go:96.99,98.3 1 1
github.com/sunquan/rick/internal/prompt/manager.go:100.2,100.99 1 1
github.com/sunquan/rick/internal/prompt/manager.go:100.99,102.3 1 1
github.com/sunquan/rick/internal/prompt/manager.go:104.2,104.21 1 1
github.com/sunquan/rick/internal/prompt/manager.go:108.39,112.2 3 1
github.com/sunquan/rick/internal/prompt/manager.go:115.45,119.2 3 1
github.com/sunquan/rick/internal/prompt/plan_prompt.go:12.113,13.23 1 1
github.com/sunquan/rick/internal/prompt/plan_prompt.go:13.23,15.3 1 1
github.com/sunquan/rick/internal/prompt/plan_prompt.go:17.2,17.23 1 1
github.com/sunquan/rick/internal/prompt/plan_prompt.go:17.23,19.3 1 1
github.com/sunquan/rick/internal/prompt/plan_prompt.go:21.2,21.20 1 1
github.com/sunquan/rick/internal/prompt/plan_prompt.go:21.20,23.3 1 1
github.com/sunquan/rick/internal/prompt/plan_prompt.go:26.2,27.16 2 1
github.com/sunquan/rick/internal/prompt/plan_prompt.go:27.16,29.3 1 0
github.com/sunquan/rick/internal/prompt/plan_prompt.go:32.2,55.16 12 1
github.com/sunquan/rick/internal/prompt/plan_prompt.go:55.16,57.3 1 0
github.com/sunquan/rick/internal/prompt/plan_prompt.go:59.2,59.20 1 1
github.com/sunquan/rick/internal/prompt/plan_prompt.go:63.59,64.86 1 1
github.com/sunquan/rick/internal/prompt/plan_prompt.go:64.86,66.3 1 1
github.com/sunquan/rick/internal/prompt/plan_prompt.go:68.2,71.33 2 1
github.com/sunquan/rick/internal/prompt/plan_prompt.go:71.33,73.42 2 1
github.com/sunquan/rick/internal/prompt/plan_prompt.go:73.42,75.4 1 1
github.com/sunquan/rick/internal/prompt/plan_prompt.go:76.3,76.28 1 1
github.com/sunquan/rick/internal/prompt/plan_prompt.go:80.2,80.33 1 1
github.com/sunquan/rick/internal/prompt/plan_prompt.go:80.33,82.41 2 1
github.com/sunquan/rick/internal/prompt/plan_prompt.go:82.41,84.4 1 1
github.com/sunquan/rick/internal/prompt/plan_prompt.go:87.2,87.25 1 1
github.com/sunquan/rick/internal/prompt/plan_prompt.go:91.61,92.58 1 1
github.com/sunquan/rick/internal/prompt/plan_prompt.go:92.58,94.3 1 1
github.com/sunquan/rick/internal/prompt/plan_prompt.go:96.2,99.47 3 1
github.com/sunquan/rick/internal/prompt/plan_prompt.go:99.47,101.3 1 1
github.com/sunquan/rick/internal/prompt/plan_prompt.go:103.2,103.25 1 1
github.com/sunquan/rick/internal/prompt/plan_prompt.go:107.51,108.23 1 1
github.com/sunquan/rick/internal/prompt/plan_prompt.go:108.23,110.3 1 1
github.com/sunquan/rick/internal/prompt/plan_prompt.go:112.2,115.31 3 1
github.com/sunquan/rick/internal/prompt/plan_prompt.go:115.31,117.3 1 1
github.com/sunquan/rick/internal/prompt/plan_prompt.go:119.2,119.25 1 1
github.com/sunquan/rick/internal/prompt/test_prompt.go:11.139,12.17 1 1
github.com/sunquan/rick/internal/prompt/test_prompt.go:12.17,14.3 1 1
github.com/sunquan/rick/internal/prompt/test_prompt.go:16.2,16.30 1 1
github.com/sunquan/rick/internal/prompt/test_prompt.go:16.30,18.3 1 1
github.com/sunquan/rick/internal/prompt/test_prompt.go:20.2,20.23 1 1
github.com/sunquan/rick/internal/prompt/test_prompt.go:20.23,22.3 1 1
github.com/sunquan/rick/internal/prompt/test_prompt.go:24.2,24.20 1 1
github.com/sunquan/rick/internal/prompt/test_prompt.go:24.20,26.3 1 1
github.com/sunquan/rick/internal/prompt/test_prompt.go:29.2,30.16 2 1
github.com/sunquan/rick/internal/prompt/test_prompt.go:30.16,32.3 1 1
github.com/sunquan/rick/internal/prompt/test_prompt.go:35.2,64.16 16 1
github.com/sunquan/rick/internal/prompt/test_prompt.go:64.16,66.3 1 0
github.com/sunquan/rick/internal/prompt/test_prompt.go:68.2,68.20 1 1
github.com/sunquan/rick/internal/prompt/test_prompt.go:72.35,89.2 1 1
github.com/sunquan/rick/internal/prompt/test_prompt.go:92.35,125.2 1 1
