mode: set
github.com/sunquan/rick/internal/git/git.go:26.39,30.2 1 1
github.com/sunquan/rick/internal/git/git.go:33.40,34.55 1 1
github.com/sunquan/rick/internal/git/git.go:34.55,36.3 1 1
github.com/sunquan/rick/internal/git/git.go:38.2,40.34 3 1
github.com/sunquan/rick/internal/git/git.go:40.34,42.3 1 0
github.com/sunquan/rick/internal/git/git.go:44.2,44.12 1 1
github.com/sunquan/rick/internal/git/git.go:48.54,49.21 1 1
github.com/sunquan/rick/internal/git/git.go:49.21,51.3 1 1
github.com/sunquan/rick/internal/git/git.go:53.2,56.34 4 1
github.com/sunquan/rick/internal/git/git.go:56.34,58.3 1 0
github.com/sunquan/rick/internal/git/git.go:60.2,60.12 1 1
github.com/sunquan/rick/internal/git/git.go:64.52,65.19 1 1
github.com/sunquan/rick/internal/git/git.go:65.19,67.3 1 1
github.com/sunquan/rick/internal/git/git.go:69.2,71.34 3 1
github.com/sunquan/rick/internal/git/git.go:71.34,73.3 1 0
github.com/sunquan/rick/internal/git/git.go:75.2,75.12 1 1
github.com/sunquan/rick/internal/git/git.go:79.63,80.16 1 1
github.com/sunquan/rick/internal/git/git.go:80.16,82.3 1 1
github.com/sunquan/rick/internal/git/git.go:84.2,88.16 5 1
github.com/sunquan/rick/internal/git/git.go:88.16,90.3 1 0
github.com/sunquan/rick/internal/git/git.go:92.2,95.37 3 1
github.com/sunquan/rick/internal/git/git.go:95.37,96.24 1 1
github.com/sunquan/rick/internal/git/git.go:96.24,97.9 1 0
github.com/sunquan/rick/internal/git/git.go:100.3,102.17 3 1
github.com/sunquan/rick/internal/git/git.go:102.17,104.4 1 0
github.com/sunquan/rick/internal/git/git.go:106.3,111.5 1 1
github.com/sunquan/rick/internal/git/git.go:114.2,114.21 1 1
github.com/sunquan/rick/internal/git/git.go:118.58,122.16 4 1
github.com/sunquan/rick/internal/git/git.go:122.16,124.3 1 0
github.com/sunquan/rick/internal/git/git.go:126.2,127.20 2 1
github.com/sunquan/rick/internal/git/git.go:131.43,135.2 3 1
github.com/sunquan/rick/internal/git/git.go:138.44,140.2 1 1
