mode: set
github.com/sunquan/rick/internal/git/commit.go:22.54,26.2 1 1
github.com/sunquan/rick/internal/git/commit.go:30.68,31.36 1 1
github.com/sunquan/rick/internal/git/commit.go:31.36,33.3 1 1
github.com/sunquan/rick/internal/git/commit.go:35.2,36.30 2 1
github.com/sunquan/rick/internal/git/commit.go:41.65,42.34 1 1
github.com/sunquan/rick/internal/git/commit.go:42.34,44.3 1 0
github.com/sunquan/rick/internal/git/commit.go:46.2,47.30 2 1
github.com/sunquan/rick/internal/git/commit.go:52.69,53.36 1 1
github.com/sunquan/rick/internal/git/commit.go:53.36,55.3 1 0
github.com/sunquan/rick/internal/git/commit.go:57.2,58.30 2 1
github.com/sunquan/rick/internal/git/commit.go:62.63,66.16 4 1
github.com/sunquan/rick/internal/git/commit.go:66.16,68.3 1 0
github.com/sunquan/rick/internal/git/commit.go:70.2,72.29 3 1
github.com/sunquan/rick/internal/git/commit.go:72.29,73.17 1 1
github.com/sunquan/rick/internal/git/commit.go:73.17,74.12 1 0
github.com/sunquan/rick/internal/git/commit.go:78.3,79.22 2 1
github.com/sunquan/rick/internal/git/commit.go:79.22,83.4 2 1
github.com/sunquan/rick/internal/git/commit.go:86.2,86.19 1 1
github.com/sunquan/rick/internal/git/commit.go:90.61,94.16 4 1
github.com/sunquan/rick/internal/git/commit.go:94.16,96.3 1 0
github.com/sunquan/rick/internal/git/commit.go:98.2,100.29 3 1
github.com/sunquan/rick/internal/git/commit.go:100.29,101.17 1 1
github.com/sunquan/rick/internal/git/commit.go:101.17,103.4 1 1
github.com/sunquan/rick/internal/git/commit.go:106.2,106.19 1 1
github.com/sunquan/rick/internal/git/commit.go:110.63,114.16 4 1
github.com/sunquan/rick/internal/git/commit.go:114.16,116.3 1 0
github.com/sunquan/rick/internal/git/commit.go:118.2,120.29 3 1
github.com/sunquan/rick/internal/git/commit.go:120.29,121.17 1 1
github.com/sunquan/rick/internal/git/commit.go:121.17,123.4 1 1
github.com/sunquan/rick/internal/git/commit.go:126.2,126.19 1 1
github.com/sunquan/rick/internal/git/commit.go:130.64,134.16 4 1
github.com/sunquan/rick/internal/git/commit.go:134.16,136.3 1 0
github.com/sunquan/rick/internal/git/commit.go:138.2,140.29 3 1
github.com/sunquan/rick/internal/git/commit.go:140.29,141.17 1 1
github.com/sunquan/rick/internal/git/commit.go:141.17,143.4 1 1
github.com/sunquan/rick/internal/git/commit.go:146.2,146.19 1 1
github.com/sunquan/rick/internal/git/commit.go:150.78,153.16 2 1
github.com/sunquan/rick/internal/git/commit.go:153.16,155.3 1 0
github.com/sunquan/rick/internal/git/commit.go:157.2,158.16 2 1
github.com/sunquan/rick/internal/git/commit.go:158.16,160.3 1 0
github.com/sunquan/rick/internal/git/commit.go:163.2,165.23 2 1
github.com/sunquan/rick/internal/git/commit.go:165.23,167.50 1 1
github.com/sunquan/rick/internal/git/commit.go:167.50,169.4 1 0
github.com/sunquan/rick/internal/git/commit.go:173.2,173.40 1 1
github.com/sunquan/rick/internal/git/commit.go:177.75,180.16 2 1
github.com/sunquan/rick/internal/git/commit.go:180.16,182.3 1 0
github.com/sunquan/rick/internal/git/commit.go:184.2,185.16 2 1
github.com/sunquan/rick/internal/git/commit.go:185.16,187.3 1 0
github.com/sunquan/rick/internal/git/commit.go:190.2,192.23 2 1
github.com/sunquan/rick/internal/git/commit.go:192.23,194.50 1 1
github.com/sunquan/rick/internal/git/commit.go:194.50,196.4 1 0
github.com/sunquan/rick/internal/git/commit.go:200.2,200.37 1 1
github.com/sunquan/rick/internal/git/commit.go:204.79,207.16 2 1
github.com/sunquan/rick/internal/git/commit.go:207.16,209.3 1 0
github.com/sunquan/rick/internal/git/commit.go:211.2,212.16 2 1
github.com/sunquan/rick/internal/git/commit.go:212.16,214.3 1 0
github.com/sunquan/rick/internal/git/commit.go:217.2,219.23 2 1
github.com/sunquan/rick/internal/git/commit.go:219.23,221.50 1 1
github.com/sunquan/rick/internal/git/commit.go:221.50,223.4 1 0
github.com/sunquan/rick/internal/git/commit.go:227.2,227.41 1 1
github.com/sunquan/rick/internal/git/commit.go:231.93,232.36 1 1
github.com/sunquan/rick/internal/git/commit.go:232.36,234.3 1 0
github.com/sunquan/rick/internal/git/commit.go:236.2,236.21 1 1
github.com/sunquan/rick/internal/git/commit.go:236.21,238.3 1 1
github.com/sunquan/rick/internal/git/commit.go:241.2,241.46 1 1
github.com/sunquan/rick/internal/git/commit.go:241.46,243.3 1 0
github.com/sunquan/rick/internal/git/commit.go:246.2,246.40 1 1
github.com/sunquan/rick/internal/git/commit.go:250.53,254.16 4 1
github.com/sunquan/rick/internal/git/commit.go:254.16,256.3 1 0
github.com/sunquan/rick/internal/git/commit.go:258.2,258.56 1 1
github.com/sunquan/rick/internal/git/commit.go:263.83,268.16 3 1
github.com/sunquan/rick/internal/git/commit.go:268.16,270.3 1 0
github.com/sunquan/rick/internal/git/commit.go:271.2,275.16 3 1
github.com/sunquan/rick/internal/git/commit.go:275.16,277.3 1 0
github.com/sunquan/rick/internal/git/commit.go:278.2,282.16 3 1
github.com/sunquan/rick/internal/git/commit.go:282.16,284.3 1 0
github.com/sunquan/rick/internal/git/commit.go:285.2,287.20 2 1
github.com/sunquan/rick/internal/git/git.go:26.39,30.2 1 1
github.com/sunquan/rick/internal/git/git.go:33.40,34.55 1 1
github.com/sunquan/rick/internal/git/git.go:34.55,36.3 1 1
github.com/sunquan/rick/internal/git/git.go:38.2,40.34 3 1
github.com/sunquan/rick/internal/git/git.go:40.34,42.3 1 0
github.com/sunquan/rick/internal/git/git.go:44.2,44.12 1 1
github.com/sunquan/rick/internal/git/git.go:48.54,49.21 1 1
github.com/sunquan/rick/internal/git/git.go:49.21,51.3 1 1
github.com/sunquan/rick/internal/git/git.go:53.2,56.34 4 1
github.com/sunquan/rick/internal/git/git.go:56.34,58.3 1 0
github.com/sunquan/rick/internal/git/git.go:60.2,60.12 1 1
github.com/sunquan/rick/internal/git/git.go:64.52,65.19 1 1
github.com/sunquan/rick/internal/git/git.go:65.19,67.3 1 1
github.com/sunquan/rick/internal/git/git.go:69.2,71.34 3 1
github.com/sunquan/rick/internal/git/git.go:71.34,73.3 1 0
github.com/sunquan/rick/internal/git/git.go:75.2,75.12 1 1
github.com/sunquan/rick/internal/git/git.go:79.63,80.16 1 1
github.com/sunquan/rick/internal/git/git.go:80.16,82.3 1 1
github.com/sunquan/rick/internal/git/git.go:84.2,88.16 5 1
github.com/sunquan/rick/internal/git/git.go:88.16,90.3 1 0
github.com/sunquan/rick/internal/git/git.go:92.2,95.37 3 1
github.com/sunquan/rick/internal/git/git.go:95.37,96.24 1 1
github.com/sunquan/rick/internal/git/git.go:96.24,97.9 1 0
github.com/sunquan/rick/internal/git/git.go:100.3,102.17 3 1
github.com/sunquan/rick/internal/git/git.go:102.17,104.4 1 0
github.com/sunquan/rick/internal/git/git.go:106.3,111.5 1 1
github.com/sunquan/rick/internal/git/git.go:114.2,114.21 1 1
github.com/sunquan/rick/internal/git/git.go:118.58,122.16 4 1
github.com/sunquan/rick/internal/git/git.go:122.16,124.3 1 0
github.com/sunquan/rick/internal/git/git.go:126.2,127.20 2 1
github.com/sunquan/rick/internal/git/git.go:131.43,135.2 3 1
github.com/sunquan/rick/internal/git/git.go:138.44,140.2 1 1
github.com/sunquan/rick/internal/git/version.go:26.56,30.2 1 1
github.com/sunquan/rick/internal/git/version.go:33.49,38.2 3 1
github.com/sunquan/rick/internal/git/version.go:42.68,43.19 1 1
github.com/sunquan/rick/internal/git/version.go:43.19,45.3 1 1
github.com/sunquan/rick/internal/git/version.go:47.2,47.37 1 1
github.com/sunquan/rick/internal/git/version.go:47.37,49.3 1 1
github.com/sunquan/rick/internal/git/version.go:51.2,51.19 1 1
github.com/sunquan/rick/internal/git/version.go:51.19,53.3 1 1
github.com/sunquan/rick/internal/git/version.go:56.2,58.34 3 1
github.com/sunquan/rick/internal/git/version.go:58.34,60.3 1 0
github.com/sunquan/rick/internal/git/version.go:62.2,62.12 1 1
github.com/sunquan/rick/internal/git/version.go:67.63,72.16 4 1
github.com/sunquan/rick/internal/git/version.go:72.16,75.3 1 1
github.com/sunquan/rick/internal/git/version.go:77.2,78.21 2 1
github.com/sunquan/rick/internal/git/version.go:82.64,87.16 4 1
github.com/sunquan/rick/internal/git/version.go:87.16,89.3 1 0
github.com/sunquan/rick/internal/git/version.go:91.2,94.27 3 1
github.com/sunquan/rick/internal/git/version.go:94.27,96.16 2 1
github.com/sunquan/rick/internal/git/version.go:96.16,97.12 1 1
github.com/sunquan/rick/internal/git/version.go:101.3,101.34 1 1
github.com/sunquan/rick/internal/git/version.go:101.34,102.12 1 0
github.com/sunquan/rick/internal/git/version.go:106.3,107.17 2 1
github.com/sunquan/rick/internal/git/version.go:107.17,108.12 1 0
github.com/sunquan/rick/internal/git/version.go:111.3,112.17 2 1
github.com/sunquan/rick/internal/git/version.go:112.17,113.12 1 0
github.com/sunquan/rick/internal/git/version.go:116.3,117.17 2 1
github.com/sunquan/rick/internal/git/version.go:117.17,118.12 1 0
github.com/sunquan/rick/internal/git/version.go:121.3,126.5 1 1
github.com/sunquan/rick/internal/git/version.go:130.2,130.43 1 1
github.com/sunquan/rick/internal/git/version.go:130.43,132.3 1 1
github.com/sunquan/rick/internal/git/version.go:134.2,134.22 1 1
github.com/sunquan/rick/internal/git/version.go:139.58,140.19 1 1
github.com/sunquan/rick/internal/git/version.go:140.19,142.3 1 0
github.com/sunquan/rick/internal/git/version.go:144.2,146.34 3 1
github.com/sunquan/rick/internal/git/version.go:146.34,148.3 1 0
github.com/sunquan/rick/internal/git/version.go:150.2,150.12 1 1
github.com/sunquan/rick/internal/git/version.go:154.66,158.16 4 1
github.com/sunquan/rick/internal/git/version.go:158.16,160.3 1 0
github.com/sunquan/rick/internal/git/version.go:162.2,162.47 1 1
github.com/sunquan/rick/internal/git/version.go:166.69,170.16 4 1
github.com/sunquan/rick/internal/git/version.go:170.16,172.3 1 0
github.com/sunquan/rick/internal/git/version.go:175.2,177.20 3 1
github.com/sunquan/rick/internal/git/version.go:177.20,179.3 1 1
github.com/sunquan/rick/internal/git/version.go:181.2,181.16 1 0
github.com/sunquan/rick/internal/git/version.go:185.69,189.16 4 1
github.com/sunquan/rick/internal/git/version.go:189.16,191.3 1 0
github.com/sunquan/rick/internal/git/version.go:193.2,195.16 3 1
github.com/sunquan/rick/internal/git/version.go:195.16,197.3 1 0
github.com/sunquan/rick/internal/git/version.go:199.2,199.18 1 1
github.com/sunquan/rick/internal/git/version.go:203.55,204.15 1 1
github.com/sunquan/rick/internal/git/version.go:204.15,206.3 1 0
github.com/sunquan/rick/internal/git/version.go:208.2,210.34 3 1
github.com/sunquan/rick/internal/git/version.go:210.34,212.3 1 0
github.com/sunquan/rick/internal/git/version.go:214.2,214.12 1 1
github.com/sunquan/rick/internal/git/version.go:218.63,222.16 4 1
github.com/sunquan/rick/internal/git/version.go:222.16,224.3 1 0
github.com/sunquan/rick/internal/git/version.go:226.2,226.53 1 1
github.com/sunquan/rick/internal/git/version.go:230.79,231.19 1 1
github.com/sunquan/rick/internal/git/version.go:231.19,233.3 1 0
github.com/sunquan/rick/internal/git/version.go:236.2,237.16 2 1
github.com/sunquan/rick/internal/git/version.go:237.16,239.3 1 0
github.com/sunquan/rick/internal/git/version.go:241.2,241.13 1 1
github.com/sunquan/rick/internal/git/version.go:241.13,243.3 1 1
github.com/sunquan/rick/internal/git/version.go:246.2,247.16 2 1
github.com/sunquan/rick/internal/git/version.go:247.16,249.3 1 0
github.com/sunquan/rick/internal/git/version.go:251.2,252.16 2 1
github.com/sunquan/rick/internal/git/version.go:252.16,254.3 1 0
github.com/sunquan/rick/internal/git/version.go:256.2,257.16 2 1
github.com/sunquan/rick/internal/git/version.go:257.16,259.3 1 0
github.com/sunquan/rick/internal/git/version.go:261.2,266.8 1 1
