mode: set
github.com/sunquan/rick/internal/config/loader.go:12.44,14.16 2 1
github.com/sunquan/rick/internal/config/loader.go:14.16,16.3 1 0
github.com/sunquan/rick/internal/config/loader.go:19.2,22.43 4 1
github.com/sunquan/rick/internal/config/loader.go:22.43,24.3 1 0
github.com/sunquan/rick/internal/config/loader.go:26.2,26.61 1 1
github.com/sunquan/rick/internal/config/loader.go:30.38,32.2 1 1
github.com/sunquan/rick/internal/config/loader.go:35.33,42.43 5 1
github.com/sunquan/rick/internal/config/loader.go:42.43,44.3 1 0
github.com/sunquan/rick/internal/config/loader.go:46.2,50.3 1 1
github.com/sunquan/rick/internal/config/loader.go:54.36,56.16 2 1
github.com/sunquan/rick/internal/config/loader.go:56.16,58.3 1 0
github.com/sunquan/rick/internal/config/loader.go:61.2,61.55 1 1
github.com/sunquan/rick/internal/config/loader.go:61.55,63.3 1 1
github.com/sunquan/rick/internal/config/loader.go:65.2,66.16 2 1
github.com/sunquan/rick/internal/config/loader.go:66.16,68.3 1 1
github.com/sunquan/rick/internal/config/loader.go:70.2,71.51 2 1
github.com/sunquan/rick/internal/config/loader.go:71.51,73.3 1 1
github.com/sunquan/rick/internal/config/loader.go:75.2,75.18 1 1
github.com/sunquan/rick/internal/config/loader.go:79.36,81.16 2 1
github.com/sunquan/rick/internal/config/loader.go:81.16,83.3 1 0
github.com/sunquan/rick/internal/config/loader.go:86.2,87.53 2 1
github.com/sunquan/rick/internal/config/loader.go:87.53,89.3 1 0
github.com/sunquan/rick/internal/config/loader.go:91.2,92.16 2 1
github.com/sunquan/rick/internal/config/loader.go:92.16,94.3 1 0
github.com/sunquan/rick/internal/config/loader.go:96.2,96.61 1 1
github.com/sunquan/rick/internal/config/loader.go:96.61,98.3 1 0
github.com/sunquan/rick/internal/config/loader.go:100.2,100.12 1 1
github.com/sunquan/rick/internal/config/loader.go:104.40,105.24 1 1
github.com/sunquan/rick/internal/config/loader.go:105.24,107.3 1 1
github.com/sunquan/rick/internal/config/loader.go:110.2,110.30 1 1
github.com/sunquan/rick/internal/config/loader.go:110.30,111.64 1 1
github.com/sunquan/rick/internal/config/loader.go:111.64,113.4 1 1
github.com/sunquan/rick/internal/config/loader.go:116.2,116.12 1 1
github.com/sunquan/rick/internal/prompt/builder.go:16.64,22.2 1 1
github.com/sunquan/rick/internal/prompt/builder.go:25.72,28.2 2 1
github.com/sunquan/rick/internal/prompt/builder.go:31.83,34.2 2 1
github.com/sunquan/rick/internal/prompt/builder.go:37.50,38.24 1 1
github.com/sunquan/rick/internal/prompt/builder.go:38.24,40.3 1 1
github.com/sunquan/rick/internal/prompt/builder.go:42.2,50.20 4 1
github.com/sunquan/rick/internal/prompt/builder.go:54.66,58.39 2 1
github.com/sunquan/rick/internal/prompt/builder.go:58.39,61.3 2 1
github.com/sunquan/rick/internal/prompt/builder.go:63.2,63.15 1 1
github.com/sunquan/rick/internal/prompt/builder.go:68.63,72.37 2 1
github.com/sunquan/rick/internal/prompt/builder.go:72.37,76.3 3 1
github.com/sunquan/rick/internal/prompt/builder.go:78.2,78.15 1 1
github.com/sunquan/rick/internal/prompt/builder.go:82.50,83.24 1 1
github.com/sunquan/rick/internal/prompt/builder.go:83.24,85.3 1 1
github.com/sunquan/rick/internal/prompt/builder.go:86.2,86.30 1 1
github.com/sunquan/rick/internal/prompt/builder.go:90.57,92.45 2 1
github.com/sunquan/rick/internal/prompt/builder.go:92.45,93.51 1 1
github.com/sunquan/rick/internal/prompt/builder.go:93.51,94.68 1 1
github.com/sunquan/rick/internal/prompt/builder.go:94.68,96.5 1 1
github.com/sunquan/rick/internal/prompt/builder.go:99.2,99.16 1 1
github.com/sunquan/rick/internal/prompt/context.go:24.54,33.2 1 1
github.com/sunquan/rick/internal/prompt/context.go:36.61,37.17 1 1
github.com/sunquan/rick/internal/prompt/context.go:37.17,39.3 1 1
github.com/sunquan/rick/internal/prompt/context.go:41.2,45.12 4 1
github.com/sunquan/rick/internal/prompt/context.go:49.75,51.16 2 1
github.com/sunquan/rick/internal/prompt/context.go:51.16,53.3 1 0
github.com/sunquan/rick/internal/prompt/context.go:55.2,59.12 4 1
github.com/sunquan/rick/internal/prompt/context.go:63.68,65.16 2 1
github.com/sunquan/rick/internal/prompt/context.go:65.16,67.3 1 1
github.com/sunquan/rick/internal/prompt/context.go:69.2,69.49 1 1
github.com/sunquan/rick/internal/prompt/context.go:73.71,75.16 2 1
github.com/sunquan/rick/internal/prompt/context.go:75.16,77.3 1 0
github.com/sunquan/rick/internal/prompt/context.go:79.2,83.12 4 1
github.com/sunquan/rick/internal/prompt/context.go:87.66,89.16 2 1
github.com/sunquan/rick/internal/prompt/context.go:89.16,91.3 1 0
github.com/sunquan/rick/internal/prompt/context.go:93.2,93.47 1 1
github.com/sunquan/rick/internal/prompt/context.go:97.73,99.16 2 1
github.com/sunquan/rick/internal/prompt/context.go:99.16,101.3 1 0
github.com/sunquan/rick/internal/prompt/context.go:103.2,107.12 4 1
github.com/sunquan/rick/internal/prompt/context.go:111.67,113.16 2 1
github.com/sunquan/rick/internal/prompt/context.go:113.16,115.3 1 0
github.com/sunquan/rick/internal/prompt/context.go:117.2,117.48 1 1
github.com/sunquan/rick/internal/prompt/context.go:122.68,123.25 1 1
github.com/sunquan/rick/internal/prompt/context.go:123.25,125.3 1 1
github.com/sunquan/rick/internal/prompt/context.go:127.2,131.12 4 1
github.com/sunquan/rick/internal/prompt/context.go:135.70,137.16 2 1
github.com/sunquan/rick/internal/prompt/context.go:137.16,139.3 1 1
github.com/sunquan/rick/internal/prompt/context.go:142.2,143.22 2 1
github.com/sunquan/rick/internal/prompt/context.go:143.22,146.30 2 1
github.com/sunquan/rick/internal/prompt/context.go:146.30,148.21 2 1
github.com/sunquan/rick/internal/prompt/context.go:148.21,150.5 1 1
github.com/sunquan/rick/internal/prompt/context.go:154.2,154.37 1 1
github.com/sunquan/rick/internal/prompt/context.go:158.50,163.2 3 1
github.com/sunquan/rick/internal/prompt/context.go:166.56,171.2 3 1
github.com/sunquan/rick/internal/prompt/context.go:174.60,179.2 3 1
github.com/sunquan/rick/internal/prompt/context.go:182.61,187.2 3 1
github.com/sunquan/rick/internal/prompt/context.go:190.49,198.2 5 1
github.com/sunquan/rick/internal/prompt/context.go:201.45,206.2 3 1
github.com/sunquan/rick/internal/prompt/context.go:209.47,214.2 3 1
github.com/sunquan/rick/internal/prompt/context.go:217.50,222.2 3 1
github.com/sunquan/rick/internal/prompt/context.go:225.45,230.2 3 1
github.com/sunquan/rick/internal/prompt/context.go:233.46,238.2 3 1
github.com/sunquan/rick/internal/prompt/context.go:241.45,246.2 3 1
github.com/sunquan/rick/internal/prompt/doing_prompt.go:12.129,13.17 1 1
github.com/sunquan/rick/internal/prompt/doing_prompt.go:13.17,15.3 1 1
github.com/sunquan/rick/internal/prompt/doing_prompt.go:17.2,17.23 1 1
github.com/sunquan/rick/internal/prompt/doing_prompt.go:17.23,19.3 1 1
github.com/sunquan/rick/internal/prompt/doing_prompt.go:21.2,21.20 1 1
github.com/sunquan/rick/internal/prompt/doing_prompt.go:21.20,23.3 1 1
github.com/sunquan/rick/internal/prompt/doing_prompt.go:26.2,27.16 2 1
github.com/sunquan/rick/internal/prompt/doing_prompt.go:27.16,29.3 1 1
github.com/sunquan/rick/internal/prompt/doing_prompt.go:32.2,65.20 18 1
github.com/sunquan/rick/internal/prompt/doing_prompt.go:65.20,68.3 2 1
github.com/sunquan/rick/internal/prompt/doing_prompt.go:68.8,71.3 1 1
github.com/sunquan/rick/internal/prompt/doing_prompt.go:74.2,75.16 2 1
github.com/sunquan/rick/internal/prompt/doing_prompt.go:75.16,77.3 1 0
github.com/sunquan/rick/internal/prompt/doing_prompt.go:79.2,79.20 1 1
github.com/sunquan/rick/internal/prompt/doing_prompt.go:83.51,84.26 1 1
github.com/sunquan/rick/internal/prompt/doing_prompt.go:84.26,86.3 1 1
github.com/sunquan/rick/internal/prompt/doing_prompt.go:88.2,89.32 2 1
github.com/sunquan/rick/internal/prompt/doing_prompt.go:89.32,91.3 1 1
github.com/sunquan/rick/internal/prompt/doing_prompt.go:93.2,93.25 1 1
github.com/sunquan/rick/internal/prompt/doing_prompt.go:97.41,112.2 1 1
github.com/sunquan/rick/internal/prompt/doing_prompt.go:115.52,116.23 1 1
github.com/sunquan/rick/internal/prompt/doing_prompt.go:116.23,118.3 1 1
github.com/sunquan/rick/internal/prompt/doing_prompt.go:120.2,121.31 2 1
github.com/sunquan/rick/internal/prompt/doing_prompt.go:121.31,123.3 1 1
github.com/sunquan/rick/internal/prompt/doing_prompt.go:125.2,125.25 1 1
github.com/sunquan/rick/internal/prompt/doing_prompt.go:129.59,130.28 1 1
github.com/sunquan/rick/internal/prompt/doing_prompt.go:130.28,132.3 1 1
github.com/sunquan/rick/internal/prompt/doing_prompt.go:134.2,136.35 3 1
github.com/sunquan/rick/internal/prompt/doing_prompt.go:136.35,138.3 1 1
github.com/sunquan/rick/internal/prompt/doing_prompt.go:140.2,140.25 1 1
github.com/sunquan/rick/internal/prompt/doing_prompt.go:144.61,145.53 1 1
github.com/sunquan/rick/internal/prompt/doing_prompt.go:145.53,147.3 1 1
github.com/sunquan/rick/internal/prompt/doing_prompt.go:149.2,150.42 2 1
github.com/sunquan/rick/internal/prompt/doing_prompt.go:150.42,153.28 2 1
github.com/sunquan/rick/internal/prompt/doing_prompt.go:153.28,155.4 1 1
github.com/sunquan/rick/internal/prompt/doing_prompt.go:157.3,157.29 1 1
github.com/sunquan/rick/internal/prompt/doing_prompt.go:157.29,159.4 1 1
github.com/sunquan/rick/internal/prompt/doing_prompt.go:161.3,161.25 1 1
github.com/sunquan/rick/internal/prompt/doing_prompt.go:161.25,163.4 1 1
github.com/sunquan/rick/internal/prompt/doing_prompt.go:165.3,165.22 1 1
github.com/sunquan/rick/internal/prompt/doing_prompt.go:165.22,167.4 1 1
github.com/sunquan/rick/internal/prompt/doing_prompt.go:169.3,169.27 1 1
github.com/sunquan/rick/internal/prompt/doing_prompt.go:169.27,171.4 1 1
github.com/sunquan/rick/internal/prompt/doing_prompt.go:173.3,173.28 1 1
github.com/sunquan/rick/internal/prompt/doing_prompt.go:176.2,176.25 1 1
github.com/sunquan/rick/internal/prompt/learning_prompt.go:12.111,13.17 1 1
github.com/sunquan/rick/internal/prompt/learning_prompt.go:13.17,15.3 1 1
github.com/sunquan/rick/internal/prompt/learning_prompt.go:17.2,17.23 1 1
github.com/sunquan/rick/internal/prompt/learning_prompt.go:17.23,19.3 1 1
github.com/sunquan/rick/internal/prompt/learning_prompt.go:21.2,21.20 1 1
github.com/sunquan/rick/internal/prompt/learning_prompt.go:21.20,23.3 1 1
github.com/sunquan/rick/internal/prompt/learning_prompt.go:26.2,27.16 2 1
github.com/sunquan/rick/internal/prompt/learning_prompt.go:27.16,29.3 1 1
github.com/sunquan/rick/internal/prompt/learning_prompt.go:32.2,73.16 22 1
github.com/sunquan/rick/internal/prompt/learning_prompt.go:73.16,75.3 1 0
github.com/sunquan/rick/internal/prompt/learning_prompt.go:77.2,77.20 1 1
github.com/sunquan/rick/internal/prompt/learning_prompt.go:81.58,82.23 1 1
github.com/sunquan/rick/internal/prompt/learning_prompt.go:82.23,84.3 1 1
github.com/sunquan/rick/internal/prompt/learning_prompt.go:86.2,88.31 3 1
github.com/sunquan/rick/internal/prompt/learning_prompt.go:88.31,90.3 1 1
github.com/sunquan/rick/internal/prompt/learning_prompt.go:92.2,92.25 1 1
github.com/sunquan/rick/internal/prompt/learning_prompt.go:96.59,97.17 1 1
github.com/sunquan/rick/internal/prompt/learning_prompt.go:97.17,99.3 1 1
github.com/sunquan/rick/internal/prompt/learning_prompt.go:101.2,106.30 5 1
github.com/sunquan/rick/internal/prompt/learning_prompt.go:106.30,108.38 2 1
github.com/sunquan/rick/internal/prompt/learning_prompt.go:108.38,110.4 1 1
github.com/sunquan/rick/internal/prompt/learning_prompt.go:111.3,111.28 1 1
github.com/sunquan/rick/internal/prompt/learning_prompt.go:114.2,114.27 1 1
github.com/sunquan/rick/internal/prompt/learning_prompt.go:114.27,116.3 1 1
github.com/sunquan/rick/internal/prompt/learning_prompt.go:118.2,118.25 1 1
github.com/sunquan/rick/internal/prompt/learning_prompt.go:122.69,123.53 1 1
github.com/sunquan/rick/internal/prompt/learning_prompt.go:123.53,125.3 1 1
github.com/sunquan/rick/internal/prompt/learning_prompt.go:127.2,130.42 3 1
github.com/sunquan/rick/internal/prompt/learning_prompt.go:130.42,133.28 2 1
github.com/sunquan/rick/internal/prompt/learning_prompt.go:133.28,135.4 1 1
github.com/sunquan/rick/internal/prompt/learning_prompt.go:137.3,137.29 1 1
github.com/sunquan/rick/internal/prompt/learning_prompt.go:137.29,139.4 1 1
github.com/sunquan/rick/internal/prompt/learning_prompt.go:141.3,141.22 1 1
github.com/sunquan/rick/internal/prompt/learning_prompt.go:141.22,143.4 1 1
github.com/sunquan/rick/internal/prompt/learning_prompt.go:145.3,145.27 1 1
github.com/sunquan/rick/internal/prompt/learning_prompt.go:145.27,147.4 1 1
github.com/sunquan/rick/internal/prompt/learning_prompt.go:149.3,149.28 1 1
github.com/sunquan/rick/internal/prompt/learning_prompt.go:152.2,152.25 1 1
github.com/sunquan/rick/internal/prompt/learning_prompt.go:156.65,157.53 1 1
github.com/sunquan/rick/internal/prompt/learning_prompt.go:157.53,159.3 1 1
github.com/sunquan/rick/internal/prompt/learning_prompt.go:161.2,165.42 4 1
github.com/sunquan/rick/internal/prompt/learning_prompt.go:165.42,166.55 1 1
github.com/sunquan/rick/internal/prompt/learning_prompt.go:166.55,171.4 4 1
github.com/sunquan/rick/internal/prompt/learning_prompt.go:174.2,174.22 1 1
github.com/sunquan/rick/internal/prompt/learning_prompt.go:174.22,176.3 1 1
github.com/sunquan/rick/internal/prompt/learning_prompt.go:178.2,178.25 1 1
github.com/sunquan/rick/internal/prompt/learning_prompt.go:182.32,192.2 1 1
github.com/sunquan/rick/internal/prompt/learning_prompt.go:195.33,216.2 1 1
github.com/sunquan/rick/internal/prompt/learning_prompt.go:219.38,241.2 1 1
github.com/sunquan/rick/internal/prompt/learning_prompt.go:244.35,266.2 1 1
github.com/sunquan/rick/internal/prompt/manager.go:25.58,30.2 1 1
github.com/sunquan/rick/internal/prompt/manager.go:33.77,36.48 2 1
github.com/sunquan/rick/internal/prompt/manager.go:36.48,39.3 2 1
github.com/sunquan/rick/internal/prompt/manager.go:40.2,45.16 4 1
github.com/sunquan/rick/internal/prompt/manager.go:45.16,47.3 1 1
github.com/sunquan/rick/internal/prompt/manager.go:49.2,60.22 5 1
github.com/sunquan/rick/internal/prompt/manager.go:64.48,69.38 3 1
github.com/sunquan/rick/internal/prompt/manager.go:69.38,70.29 1 1
github.com/sunquan/rick/internal/prompt/manager.go:70.29,72.44 1 1
github.com/sunquan/rick/internal/prompt/manager.go:72.44,73.31 1 1
github.com/sunquan/rick/internal/prompt/manager.go:73.31,77.43 3 1
github.com/sunquan/rick/internal/prompt/manager.go:77.43,80.7 2 1
github.com/sunquan/rick/internal/prompt/manager.go:81.6,82.11 2 1
github.com/sunquan/rick/internal/prompt/manager.go:88.2,88.18 1 1
github.com/sunquan/rick/internal/prompt/manager.go:92.33,96.99 3 1
github.com/sunquan/rick/internal/prompt/manager.go:96.99,98.3 1 1
github.com/sunquan/rick/internal/prompt/manager.go:100.2,100.99 1 1
github.com/sunquan/rick/internal/prompt/manager.go:100.99,102.3 1 1
github.com/sunquan/rick/internal/prompt/manager.go:104.2,104.21 1 1
github.com/sunquan/rick/internal/prompt/manager.go:108.39,112.2 3 1
github.com/sunquan/rick/internal/prompt/manager.go:115.45,119.2 3 1
github.com/sunquan/rick/internal/prompt/plan_prompt.go:12.113,13.23 1 1
github.com/sunquan/rick/internal/prompt/plan_prompt.go:13.23,15.3 1 1
github.com/sunquan/rick/internal/prompt/plan_prompt.go:17.2,17.23 1 1
github.com/sunquan/rick/internal/prompt/plan_prompt.go:17.23,19.3 1 1
github.com/sunquan/rick/internal/prompt/plan_prompt.go:21.2,21.20 1 1
github.com/sunquan/rick/internal/prompt/plan_prompt.go:21.20,23.3 1 1
github.com/sunquan/rick/internal/prompt/plan_prompt.go:26.2,27.16 2 1
github.com/sunquan/rick/internal/prompt/plan_prompt.go:27.16,29.3 1 0
github.com/sunquan/rick/internal/prompt/plan_prompt.go:32.2,55.16 12 1
github.com/sunquan/rick/internal/prompt/plan_prompt.go:55.16,57.3 1 0
github.com/sunquan/rick/internal/prompt/plan_prompt.go:59.2,59.20 1 1
github.com/sunquan/rick/internal/prompt/plan_prompt.go:63.59,64.86 1 1
github.com/sunquan/rick/internal/prompt/plan_prompt.go:64.86,66.3 1 1
github.com/sunquan/rick/internal/prompt/plan_prompt.go:68.2,71.33 2 1
github.com/sunquan/rick/internal/prompt/plan_prompt.go:71.33,73.42 2 1
github.com/sunquan/rick/internal/prompt/plan_prompt.go:73.42,75.4 1 1
github.com/sunquan/rick/internal/prompt/plan_prompt.go:76.3,76.28 1 1
github.com/sunquan/rick/internal/prompt/plan_prompt.go:80.2,80.33 1 1
github.com/sunquan/rick/internal/prompt/plan_prompt.go:80.33,82.41 2 1
github.com/sunquan/rick/internal/prompt/plan_prompt.go:82.41,84.4 1 1
github.com/sunquan/rick/internal/prompt/plan_prompt.go:87.2,87.25 1 1
github.com/sunquan/rick/internal/prompt/plan_prompt.go:91.61,92.58 1 1
github.com/sunquan/rick/internal/prompt/plan_prompt.go:92.58,94.3 1 1
github.com/sunquan/rick/internal/prompt/plan_prompt.go:96.2,99.47 3 1
github.com/sunquan/rick/internal/prompt/plan_prompt.go:99.47,101.3 1 1
github.com/sunquan/rick/internal/prompt/plan_prompt.go:103.2,103.25 1 1
github.com/sunquan/rick/internal/prompt/plan_prompt.go:107.51,108.23 1 1
github.com/sunquan/rick/internal/prompt/plan_prompt.go:108.23,110.3 1 1
github.com/sunquan/rick/internal/prompt/plan_prompt.go:112.2,115.31 3 1
github.com/sunquan/rick/internal/prompt/plan_prompt.go:115.31,117.3 1 1
github.com/sunquan/rick/internal/prompt/plan_prompt.go:119.2,119.25 1 1
github.com/sunquan/rick/internal/prompt/test_prompt.go:11.139,12.17 1 1
github.com/sunquan/rick/internal/prompt/test_prompt.go:12.17,14.3 1 1
github.com/sunquan/rick/internal/prompt/test_prompt.go:16.2,16.30 1 1
github.com/sunquan/rick/internal/prompt/test_prompt.go:16.30,18.3 1 1
github.com/sunquan/rick/internal/prompt/test_prompt.go:20.2,20.23 1 1
github.com/sunquan/rick/internal/prompt/test_prompt.go:20.23,22.3 1 1
github.com/sunquan/rick/internal/prompt/test_prompt.go:24.2,24.20 1 1
github.com/sunquan/rick/internal/prompt/test_prompt.go:24.20,26.3 1 1
github.com/sunquan/rick/internal/prompt/test_prompt.go:29.2,30.16 2 1
github.com/sunquan/rick/internal/prompt/test_prompt.go:30.16,32.3 1 1
github.com/sunquan/rick/internal/prompt/test_prompt.go:35.2,64.16 16 1
github.com/sunquan/rick/internal/prompt/test_prompt.go:64.16,66.3 1 0
github.com/sunquan/rick/internal/prompt/test_prompt.go:68.2,68.20 1 1
github.com/sunquan/rick/internal/prompt/test_prompt.go:72.35,89.2 1 1
github.com/sunquan/rick/internal/prompt/test_prompt.go:92.35,125.2 1 1
github.com/sunquan/rick/internal/logging/logger.go:19.26,21.2 1 1
github.com/sunquan/rick/internal/logging/logger.go:24.47,31.2 1 1
github.com/sunquan/rick/internal/logging/logger.go:34.58,36.16 2 1
github.com/sunquan/rick/internal/logging/logger.go:36.16,38.3 1 0
github.com/sunquan/rick/internal/logging/logger.go:40.2,45.8 1 1
github.com/sunquan/rick/internal/logging/logger.go:49.59,51.2 1 1
github.com/sunquan/rick/internal/logging/logger.go:54.59,56.2 1 1
github.com/sunquan/rick/internal/logging/logger.go:59.60,61.2 1 1
github.com/sunquan/rick/internal/logging/logger.go:64.60,66.2 1 1
github.com/sunquan/rick/internal/cmd/doing.go:19.35,27.55 2 1
github.com/sunquan/rick/internal/cmd/doing.go:27.55,28.20 1 1
github.com/sunquan/rick/internal/cmd/doing.go:28.20,30.5 1 0
github.com/sunquan/rick/internal/cmd/doing.go:32.4,32.19 1 1
github.com/sunquan/rick/internal/cmd/doing.go:32.19,35.5 2 0
github.com/sunquan/rick/internal/cmd/doing.go:38.4,38.21 1 1
github.com/sunquan/rick/internal/cmd/doing.go:38.21,40.5 1 1
github.com/sunquan/rick/internal/cmd/doing.go:40.10,40.26 1 1
github.com/sunquan/rick/internal/cmd/doing.go:40.26,42.5 1 1
github.com/sunquan/rick/internal/cmd/doing.go:44.4,44.19 1 1
github.com/sunquan/rick/internal/cmd/doing.go:44.19,46.5 1 1
github.com/sunquan/rick/internal/cmd/doing.go:49.4,49.47 1 1
github.com/sunquan/rick/internal/cmd/doing.go:49.47,51.5 1 0
github.com/sunquan/rick/internal/cmd/doing.go:53.4,53.20 1 1
github.com/sunquan/rick/internal/cmd/doing.go:53.20,55.5 1 0
github.com/sunquan/rick/internal/cmd/doing.go:58.4,58.54 1 1
github.com/sunquan/rick/internal/cmd/doing.go:58.54,60.5 1 1
github.com/sunquan/rick/internal/cmd/doing.go:62.4,63.14 2 0
github.com/sunquan/rick/internal/cmd/doing.go:67.2,69.17 2 1
github.com/sunquan/rick/internal/cmd/doing.go:73.47,76.16 2 1
github.com/sunquan/rick/internal/cmd/doing.go:76.16,78.3 1 0
github.com/sunquan/rick/internal/cmd/doing.go:80.2,81.16 2 1
github.com/sunquan/rick/internal/cmd/doing.go:81.16,83.3 1 0
github.com/sunquan/rick/internal/cmd/doing.go:85.2,86.16 2 1
github.com/sunquan/rick/internal/cmd/doing.go:86.16,88.3 1 0
github.com/sunquan/rick/internal/cmd/doing.go:90.2,90.18 1 1
github.com/sunquan/rick/internal/cmd/doing.go:90.18,92.3 1 0
github.com/sunquan/rick/internal/cmd/doing.go:95.2,95.54 1 1
github.com/sunquan/rick/internal/cmd/doing.go:95.54,96.19 1 0
github.com/sunquan/rick/internal/cmd/doing.go:96.19,98.4 1 0
github.com/sunquan/rick/internal/cmd/doing.go:102.2,106.51 4 1
github.com/sunquan/rick/internal/cmd/doing.go:106.51,108.3 1 1
github.com/sunquan/rick/internal/cmd/doing.go:110.2,110.52 1 0
github.com/sunquan/rick/internal/cmd/doing.go:110.52,112.3 1 0
github.com/sunquan/rick/internal/cmd/doing.go:115.2,115.52 1 0
github.com/sunquan/rick/internal/cmd/doing.go:115.52,117.3 1 0
github.com/sunquan/rick/internal/cmd/doing.go:119.2,119.18 1 0
github.com/sunquan/rick/internal/cmd/doing.go:119.18,123.3 3 0
github.com/sunquan/rick/internal/cmd/doing.go:126.2,126.18 1 0
github.com/sunquan/rick/internal/cmd/doing.go:126.18,128.3 1 0
github.com/sunquan/rick/internal/cmd/doing.go:130.2,131.16 2 0
github.com/sunquan/rick/internal/cmd/doing.go:131.16,133.3 1 0
github.com/sunquan/rick/internal/cmd/doing.go:135.2,135.21 1 0
github.com/sunquan/rick/internal/cmd/doing.go:135.21,137.3 1 0
github.com/sunquan/rick/internal/cmd/doing.go:139.2,139.18 1 0
github.com/sunquan/rick/internal/cmd/doing.go:139.18,141.30 2 0
github.com/sunquan/rick/internal/cmd/doing.go:141.30,143.4 1 0
github.com/sunquan/rick/internal/cmd/doing.go:147.2,155.18 2 0
github.com/sunquan/rick/internal/cmd/doing.go:155.18,158.3 1 0
github.com/sunquan/rick/internal/cmd/doing.go:160.2,161.16 2 0
github.com/sunquan/rick/internal/cmd/doing.go:161.16,163.3 1 0
github.com/sunquan/rick/internal/cmd/doing.go:166.2,166.18 1 0
github.com/sunquan/rick/internal/cmd/doing.go:166.18,168.3 1 0
github.com/sunquan/rick/internal/cmd/doing.go:170.2,171.16 2 0
github.com/sunquan/rick/internal/cmd/doing.go:171.16,173.3 1 0
github.com/sunquan/rick/internal/cmd/doing.go:176.2,179.34 2 0
github.com/sunquan/rick/internal/cmd/doing.go:179.34,181.19 1 0
github.com/sunquan/rick/internal/cmd/doing.go:181.19,183.4 1 0
github.com/sunquan/rick/internal/cmd/doing.go:185.3,185.59 1 0
github.com/sunquan/rick/internal/cmd/doing.go:185.59,187.4 1 0
github.com/sunquan/rick/internal/cmd/doing.go:189.3,189.13 1 0
github.com/sunquan/rick/internal/cmd/doing.go:190.8,190.39 1 0
github.com/sunquan/rick/internal/cmd/doing.go:190.39,197.19 3 0
github.com/sunquan/rick/internal/cmd/doing.go:197.19,199.4 1 0
github.com/sunquan/rick/internal/cmd/doing.go:201.3,201.59 1 0
github.com/sunquan/rick/internal/cmd/doing.go:201.59,203.4 1 0
github.com/sunquan/rick/internal/cmd/doing.go:205.3,205.107 1 0
github.com/sunquan/rick/internal/cmd/doing.go:206.8,213.3 3 0
github.com/sunquan/rick/internal/cmd/doing.go:217.64,222.16 3 1
github.com/sunquan/rick/internal/cmd/doing.go:222.16,224.3 1 1
github.com/sunquan/rick/internal/cmd/doing.go:226.2,227.32 2 1
github.com/sunquan/rick/internal/cmd/doing.go:227.32,228.106 1 1
github.com/sunquan/rick/internal/cmd/doing.go:228.106,230.4 1 1
github.com/sunquan/rick/internal/cmd/doing.go:233.2,233.25 1 1
github.com/sunquan/rick/internal/cmd/doing.go:233.25,235.3 1 1
github.com/sunquan/rick/internal/cmd/doing.go:238.2,241.37 2 1
github.com/sunquan/rick/internal/cmd/doing.go:241.37,245.17 3 1
github.com/sunquan/rick/internal/cmd/doing.go:245.17,247.4 1 0
github.com/sunquan/rick/internal/cmd/doing.go:249.3,250.17 2 1
github.com/sunquan/rick/internal/cmd/doing.go:250.17,252.4 1 0
github.com/sunquan/rick/internal/cmd/doing.go:255.3,258.30 3 1
github.com/sunquan/rick/internal/cmd/doing.go:261.2,261.19 1 1
github.com/sunquan/rick/internal/cmd/doing.go:265.36,267.34 1 1
github.com/sunquan/rick/internal/cmd/doing.go:267.34,268.39 1 1
github.com/sunquan/rick/internal/cmd/doing.go:268.39,272.19 3 1
github.com/sunquan/rick/internal/cmd/doing.go:272.19,274.5 1 1
github.com/sunquan/rick/internal/cmd/doing.go:280.45,288.2 5 1
github.com/sunquan/rick/internal/cmd/doing.go:291.65,304.33 12 1
github.com/sunquan/rick/internal/cmd/doing.go:304.33,306.41 2 1
github.com/sunquan/rick/internal/cmd/doing.go:306.41,308.30 2 1
github.com/sunquan/rick/internal/cmd/doing.go:308.30,310.5 1 1
github.com/sunquan/rick/internal/cmd/doing.go:311.4,313.52 2 1
github.com/sunquan/rick/internal/cmd/doing.go:313.52,315.5 1 1
github.com/sunquan/rick/internal/cmd/doing.go:317.3,317.16 1 1
github.com/sunquan/rick/internal/cmd/doing.go:320.2,320.31 1 1
github.com/sunquan/rick/internal/cmd/doing.go:324.82,327.16 2 0
github.com/sunquan/rick/internal/cmd/doing.go:327.16,329.3 1 0
github.com/sunquan/rick/internal/cmd/doing.go:332.2,339.34 4 0
github.com/sunquan/rick/internal/cmd/doing.go:339.34,342.3 1 0
github.com/sunquan/rick/internal/cmd/doing.go:342.8,342.39 1 0
github.com/sunquan/rick/internal/cmd/doing.go:342.39,345.3 1 0
github.com/sunquan/rick/internal/cmd/doing.go:345.8,348.3 1 0
github.com/sunquan/rick/internal/cmd/doing.go:351.2,351.55 1 0
github.com/sunquan/rick/internal/cmd/doing.go:351.55,353.3 1 0
github.com/sunquan/rick/internal/cmd/doing.go:355.2,355.12 1 0
github.com/sunquan/rick/internal/cmd/doing.go:359.37,363.16 4 0
github.com/sunquan/rick/internal/cmd/doing.go:363.16,365.3 1 0
github.com/sunquan/rick/internal/cmd/doing.go:367.2,368.50 2 0
github.com/sunquan/rick/internal/cmd/doing.go:372.83,375.16 2 0
github.com/sunquan/rick/internal/cmd/doing.go:375.16,377.3 1 0
github.com/sunquan/rick/internal/cmd/doing.go:378.2,380.59 2 0
github.com/sunquan/rick/internal/cmd/doing.go:380.59,382.3 1 0
github.com/sunquan/rick/internal/cmd/doing.go:383.2,391.34 6 0
github.com/sunquan/rick/internal/cmd/doing.go:391.34,393.3 1 0
github.com/sunquan/rick/internal/cmd/doing.go:396.2,397.16 2 0
github.com/sunquan/rick/internal/cmd/doing.go:397.16,399.3 1 0
github.com/sunquan/rick/internal/cmd/doing.go:401.2,401.29 1 0
github.com/sunquan/rick/internal/cmd/doing.go:406.49,409.16 2 1
github.com/sunquan/rick/internal/cmd/doing.go:409.16,411.3 1 0
github.com/sunquan/rick/internal/cmd/doing.go:414.2,415.43 2 1
github.com/sunquan/rick/internal/cmd/doing.go:415.43,417.19 1 1
github.com/sunquan/rick/internal/cmd/doing.go:417.19,419.4 1 0
github.com/sunquan/rick/internal/cmd/doing.go:420.3,420.13 1 1
github.com/sunquan/rick/internal/cmd/doing.go:424.2,424.18 1 0
github.com/sunquan/rick/internal/cmd/doing.go:424.18,426.3 1 0
github.com/sunquan/rick/internal/cmd/doing.go:428.2,430.53 3 0
github.com/sunquan/rick/internal/cmd/doing.go:430.53,432.3 1 0
github.com/sunquan/rick/internal/cmd/doing.go:435.2,436.58 2 0
github.com/sunquan/rick/internal/cmd/doing.go:436.58,438.76 2 0
github.com/sunquan/rick/internal/cmd/doing.go:438.76,440.4 1 0
github.com/sunquan/rick/internal/cmd/doing.go:441.3,441.19 1 0
github.com/sunquan/rick/internal/cmd/doing.go:441.19,443.4 1 0
github.com/sunquan/rick/internal/cmd/doing.go:446.2,447.12 2 0
github.com/sunquan/rick/internal/cmd/feedback_helper.go:21.62,37.17 7 1
github.com/sunquan/rick/internal/cmd/feedback_helper.go:37.17,39.3 1 1
github.com/sunquan/rick/internal/cmd/feedback_helper.go:42.2,50.3 2 1
github.com/sunquan/rick/internal/cmd/feedback_helper.go:54.69,61.22 5 1
github.com/sunquan/rick/internal/cmd/feedback_helper.go:61.22,63.3 1 0
github.com/sunquan/rick/internal/cmd/feedback_helper.go:67.89,74.22 5 1
github.com/sunquan/rick/internal/cmd/feedback_helper.go:74.22,76.3 1 0
github.com/sunquan/rick/internal/cmd/feedback_helper.go:80.64,82.2 1 1
github.com/sunquan/rick/internal/cmd/feedback_helper.go:85.53,87.13 2 1
github.com/sunquan/rick/internal/cmd/feedback_helper.go:87.13,89.3 1 1
github.com/sunquan/rick/internal/cmd/feedback_helper.go:93.93,96.2 2 1
github.com/sunquan/rick/internal/cmd/feedback_helper.go:99.91,101.2 1 1
github.com/sunquan/rick/internal/cmd/feedback_helper.go:104.101,106.2 1 1
github.com/sunquan/rick/internal/cmd/feedback_helper.go:109.56,111.2 1 1
github.com/sunquan/rick/internal/cmd/feedback_helper.go:114.59,116.2 1 1
github.com/sunquan/rick/internal/cmd/feedback_helper.go:119.58,121.2 1 1
github.com/sunquan/rick/internal/cmd/feedback_helper.go:124.56,126.2 1 1
github.com/sunquan/rick/internal/cmd/feedback_helper.go:129.96,131.2 1 1
github.com/sunquan/rick/internal/cmd/feedback_helper.go:134.75,136.2 1 1
github.com/sunquan/rick/internal/cmd/feedback_helper.go:139.73,141.2 1 1
github.com/sunquan/rick/internal/cmd/feedback_helper.go:144.73,146.2 1 1
github.com/sunquan/rick/internal/cmd/feedback_helper.go:149.66,151.2 1 1
github.com/sunquan/rick/internal/cmd/feedback_helper.go:154.86,156.2 1 1
github.com/sunquan/rick/internal/cmd/feedback_helper.go:159.49,161.2 1 1
github.com/sunquan/rick/internal/cmd/feedback_helper.go:164.54,166.2 1 1
github.com/sunquan/rick/internal/cmd/feedback_helper.go:169.57,171.2 1 1
github.com/sunquan/rick/internal/cmd/feedback_helper.go:174.55,176.2 1 1
github.com/sunquan/rick/internal/cmd/feedback_helper.go:179.57,181.2 1 1
github.com/sunquan/rick/internal/cmd/feedback_helper.go:184.81,186.2 1 1
github.com/sunquan/rick/internal/cmd/learning.go:17.38,25.55 2 1
github.com/sunquan/rick/internal/cmd/learning.go:25.55,26.20 1 0
github.com/sunquan/rick/internal/cmd/learning.go:26.20,28.5 1 0
github.com/sunquan/rick/internal/cmd/learning.go:30.4,30.19 1 0
github.com/sunquan/rick/internal/cmd/learning.go:30.19,33.5 2 0
github.com/sunquan/rick/internal/cmd/learning.go:36.4,36.21 1 0
github.com/sunquan/rick/internal/cmd/learning.go:36.21,38.5 1 0
github.com/sunquan/rick/internal/cmd/learning.go:38.10,38.26 1 0
github.com/sunquan/rick/internal/cmd/learning.go:38.26,40.5 1 0
github.com/sunquan/rick/internal/cmd/learning.go:42.4,42.19 1 0
github.com/sunquan/rick/internal/cmd/learning.go:42.19,44.5 1 0
github.com/sunquan/rick/internal/cmd/learning.go:47.4,47.47 1 0
github.com/sunquan/rick/internal/cmd/learning.go:47.47,49.5 1 0
github.com/sunquan/rick/internal/cmd/learning.go:51.4,51.20 1 0
github.com/sunquan/rick/internal/cmd/learning.go:51.20,53.5 1 0
github.com/sunquan/rick/internal/cmd/learning.go:56.4,56.57 1 0
github.com/sunquan/rick/internal/cmd/learning.go:56.57,58.5 1 0
github.com/sunquan/rick/internal/cmd/learning.go:60.4,61.14 2 0
github.com/sunquan/rick/internal/cmd/learning.go:65.2,67.20 2 1
github.com/sunquan/rick/internal/cmd/learning.go:71.50,74.16 2 0
github.com/sunquan/rick/internal/cmd/learning.go:74.16,76.3 1 0
github.com/sunquan/rick/internal/cmd/learning.go:78.2,79.16 2 0
github.com/sunquan/rick/internal/cmd/learning.go:79.16,81.3 1 0
github.com/sunquan/rick/internal/cmd/learning.go:83.2,84.16 2 0
github.com/sunquan/rick/internal/cmd/learning.go:84.16,86.3 1 0
github.com/sunquan/rick/internal/cmd/learning.go:88.2,88.18 1 0
github.com/sunquan/rick/internal/cmd/learning.go:88.18,90.3 1 0
github.com/sunquan/rick/internal/cmd/learning.go:93.2,97.51 4 0
github.com/sunquan/rick/internal/cmd/learning.go:97.51,99.3 1 0
github.com/sunquan/rick/internal/cmd/learning.go:101.2,101.53 1 0
github.com/sunquan/rick/internal/cmd/learning.go:101.53,103.3 1 0
github.com/sunquan/rick/internal/cmd/learning.go:106.2,106.55 1 0
github.com/sunquan/rick/internal/cmd/learning.go:106.55,108.3 1 0
github.com/sunquan/rick/internal/cmd/learning.go:110.2,110.18 1 0
github.com/sunquan/rick/internal/cmd/learning.go:110.18,114.3 3 0
github.com/sunquan/rick/internal/cmd/learning.go:117.2,117.18 1 0
github.com/sunquan/rick/internal/cmd/learning.go:117.18,119.3 1 0
github.com/sunquan/rick/internal/cmd/learning.go:121.2,122.16 2 0
github.com/sunquan/rick/internal/cmd/learning.go:122.16,124.3 1 0
github.com/sunquan/rick/internal/cmd/learning.go:126.2,126.18 1 0
github.com/sunquan/rick/internal/cmd/learning.go:126.18,128.3 1 0
github.com/sunquan/rick/internal/cmd/learning.go:131.2,131.18 1 0
github.com/sunquan/rick/internal/cmd/learning.go:131.18,133.3 1 0
github.com/sunquan/rick/internal/cmd/learning.go:135.2,136.16 2 0
github.com/sunquan/rick/internal/cmd/learning.go:136.16,138.3 1 0
github.com/sunquan/rick/internal/cmd/learning.go:140.2,140.18 1 0
github.com/sunquan/rick/internal/cmd/learning.go:140.18,142.3 1 0
github.com/sunquan/rick/internal/cmd/learning.go:145.2,145.18 1 0
github.com/sunquan/rick/internal/cmd/learning.go:145.18,147.3 1 0
github.com/sunquan/rick/internal/cmd/learning.go:149.2,150.16 2 0
github.com/sunquan/rick/internal/cmd/learning.go:150.16,152.3 1 0
github.com/sunquan/rick/internal/cmd/learning.go:154.2,154.18 1 0
github.com/sunquan/rick/internal/cmd/learning.go:154.18,156.3 1 0
github.com/sunquan/rick/internal/cmd/learning.go:159.2,159.18 1 0
github.com/sunquan/rick/internal/cmd/learning.go:159.18,161.3 1 0
github.com/sunquan/rick/internal/cmd/learning.go:163.2,163.82 1 0
github.com/sunquan/rick/internal/cmd/learning.go:163.82,165.3 1 0
github.com/sunquan/rick/internal/cmd/learning.go:167.2,167.18 1 0
github.com/sunquan/rick/internal/cmd/learning.go:167.18,169.3 1 0
github.com/sunquan/rick/internal/cmd/learning.go:172.2,172.18 1 0
github.com/sunquan/rick/internal/cmd/learning.go:172.18,174.3 1 0
github.com/sunquan/rick/internal/cmd/learning.go:176.2,176.53 1 0
github.com/sunquan/rick/internal/cmd/learning.go:176.53,178.3 1 0
github.com/sunquan/rick/internal/cmd/learning.go:180.2,180.12 1 0
github.com/sunquan/rick/internal/cmd/learning.go:195.85,202.51 3 1
github.com/sunquan/rick/internal/cmd/learning.go:202.51,204.3 1 1
github.com/sunquan/rick/internal/cmd/learning.go:207.2,208.53 2 1
github.com/sunquan/rick/internal/cmd/learning.go:208.53,210.3 1 1
github.com/sunquan/rick/internal/cmd/learning.go:213.2,214.16 2 1
github.com/sunquan/rick/internal/cmd/learning.go:214.16,216.3 1 0
github.com/sunquan/rick/internal/cmd/learning.go:218.2,220.16 3 1
github.com/sunquan/rick/internal/cmd/learning.go:220.16,222.34 2 0
github.com/sunquan/rick/internal/cmd/learning.go:222.34,224.4 1 0
github.com/sunquan/rick/internal/cmd/learning.go:225.3,225.47 1 0
github.com/sunquan/rick/internal/cmd/learning.go:229.2,229.32 1 1
github.com/sunquan/rick/internal/cmd/learning.go:229.32,232.30 2 1
github.com/sunquan/rick/internal/cmd/learning.go:232.30,233.45 1 1
github.com/sunquan/rick/internal/cmd/learning.go:233.45,235.5 1 1
github.com/sunquan/rick/internal/cmd/learning.go:235.10,235.57 1 1
github.com/sunquan/rick/internal/cmd/learning.go:235.57,237.5 1 1
github.com/sunquan/rick/internal/cmd/learning.go:237.10,237.53 1 1
github.com/sunquan/rick/internal/cmd/learning.go:237.53,239.5 1 1
github.com/sunquan/rick/internal/cmd/learning.go:243.2,243.21 1 1
github.com/sunquan/rick/internal/cmd/learning.go:247.106,258.32 7 1
github.com/sunquan/rick/internal/cmd/learning.go:258.32,263.3 4 1
github.com/sunquan/rick/internal/cmd/learning.go:265.2,265.32 1 1
github.com/sunquan/rick/internal/cmd/learning.go:265.32,269.3 3 0
github.com/sunquan/rick/internal/cmd/learning.go:271.2,271.30 1 1
github.com/sunquan/rick/internal/cmd/learning.go:271.30,276.3 4 0
github.com/sunquan/rick/internal/cmd/learning.go:278.2,286.36 8 1
github.com/sunquan/rick/internal/cmd/learning.go:290.111,293.16 2 0
github.com/sunquan/rick/internal/cmd/learning.go:293.16,295.3 1 0
github.com/sunquan/rick/internal/cmd/learning.go:296.2,298.63 2 0
github.com/sunquan/rick/internal/cmd/learning.go:298.63,300.3 1 0
github.com/sunquan/rick/internal/cmd/learning.go:301.2,309.34 6 0
github.com/sunquan/rick/internal/cmd/learning.go:309.34,311.3 1 0
github.com/sunquan/rick/internal/cmd/learning.go:314.2,315.16 2 0
github.com/sunquan/rick/internal/cmd/learning.go:315.16,317.3 1 0
github.com/sunquan/rick/internal/cmd/learning.go:319.2,319.29 1 0
github.com/sunquan/rick/internal/cmd/learning.go:323.91,326.81 2 1
github.com/sunquan/rick/internal/cmd/learning.go:326.81,328.3 1 0
github.com/sunquan/rick/internal/cmd/learning.go:331.2,332.112 2 1
github.com/sunquan/rick/internal/cmd/learning.go:332.112,334.3 1 0
github.com/sunquan/rick/internal/cmd/learning.go:337.2,338.123 2 1
github.com/sunquan/rick/internal/cmd/learning.go:338.123,340.3 1 0
github.com/sunquan/rick/internal/cmd/learning.go:342.2,342.12 1 1
github.com/sunquan/rick/internal/cmd/learning.go:346.55,352.29 4 1
github.com/sunquan/rick/internal/cmd/learning.go:352.29,353.168 1 1
github.com/sunquan/rick/internal/cmd/learning.go:353.168,355.4 1 1
github.com/sunquan/rick/internal/cmd/learning.go:357.3,357.24 1 1
github.com/sunquan/rick/internal/cmd/learning.go:357.24,359.135 2 1
github.com/sunquan/rick/internal/cmd/learning.go:359.135,360.10 1 1
github.com/sunquan/rick/internal/cmd/learning.go:365.2,365.25 1 1
github.com/sunquan/rick/internal/cmd/learning.go:365.25,367.3 1 0
github.com/sunquan/rick/internal/cmd/learning.go:369.2,369.26 1 1
github.com/sunquan/rick/internal/cmd/learning.go:373.63,379.29 4 1
github.com/sunquan/rick/internal/cmd/learning.go:379.29,380.178 1 1
github.com/sunquan/rick/internal/cmd/learning.go:380.178,382.4 1 1
github.com/sunquan/rick/internal/cmd/learning.go:384.3,384.21 1 1
github.com/sunquan/rick/internal/cmd/learning.go:384.21,386.143 2 1
github.com/sunquan/rick/internal/cmd/learning.go:386.143,387.10 1 1
github.com/sunquan/rick/internal/cmd/learning.go:392.2,392.22 1 1
github.com/sunquan/rick/internal/cmd/learning.go:392.22,394.3 1 0
github.com/sunquan/rick/internal/cmd/learning.go:396.2,396.23 1 1
github.com/sunquan/rick/internal/cmd/learning.go:400.58,402.16 2 1
github.com/sunquan/rick/internal/cmd/learning.go:402.16,404.3 1 0
github.com/sunquan/rick/internal/cmd/learning.go:405.2,407.53 2 1
github.com/sunquan/rick/internal/cmd/learning.go:407.53,409.3 1 0
github.com/sunquan/rick/internal/cmd/learning.go:411.2,411.12 1 1
github.com/sunquan/rick/internal/cmd/learning.go:415.48,418.16 2 0
github.com/sunquan/rick/internal/cmd/learning.go:418.16,420.3 1 0
github.com/sunquan/rick/internal/cmd/learning.go:423.2,433.55 4 0
github.com/sunquan/rick/internal/cmd/learning.go:433.55,435.3 1 0
github.com/sunquan/rick/internal/cmd/learning.go:437.2,437.12 1 0
github.com/sunquan/rick/internal/cmd/learning.go:441.52,445.16 4 0
github.com/sunquan/rick/internal/cmd/learning.go:445.16,447.3 1 0
github.com/sunquan/rick/internal/cmd/learning.go:449.2,450.50 2 0
github.com/sunquan/rick/internal/cmd/plan.go:21.34,27.55 1 1
github.com/sunquan/rick/internal/cmd/plan.go:27.55,28.20 1 0
github.com/sunquan/rick/internal/cmd/plan.go:28.20,30.5 1 0
github.com/sunquan/rick/internal/cmd/plan.go:32.4,32.19 1 0
github.com/sunquan/rick/internal/cmd/plan.go:32.19,35.5 2 0
github.com/sunquan/rick/internal/cmd/plan.go:38.4,39.21 2 0
github.com/sunquan/rick/internal/cmd/plan.go:39.21,41.5 1 0
github.com/sunquan/rick/internal/cmd/plan.go:41.10,44.19 3 0
github.com/sunquan/rick/internal/cmd/plan.go:44.19,46.6 1 0
github.com/sunquan/rick/internal/cmd/plan.go:49.4,49.25 1 0
github.com/sunquan/rick/internal/cmd/plan.go:49.25,51.5 1 0
github.com/sunquan/rick/internal/cmd/plan.go:53.4,53.20 1 0
github.com/sunquan/rick/internal/cmd/plan.go:53.20,55.5 1 0
github.com/sunquan/rick/internal/cmd/plan.go:58.4,58.59 1 0
github.com/sunquan/rick/internal/cmd/plan.go:58.59,60.5 1 0
github.com/sunquan/rick/internal/cmd/plan.go:62.4,63.14 2 0
github.com/sunquan/rick/internal/cmd/plan.go:67.2,67.16 1 1
github.com/sunquan/rick/internal/cmd/plan.go:71.45,75.16 4 0
github.com/sunquan/rick/internal/cmd/plan.go:75.16,77.3 1 0
github.com/sunquan/rick/internal/cmd/plan.go:78.2,78.44 1 0
github.com/sunquan/rick/internal/cmd/plan.go:82.52,85.16 2 0
github.com/sunquan/rick/internal/cmd/plan.go:85.16,87.3 1 0
github.com/sunquan/rick/internal/cmd/plan.go:89.2,90.16 2 0
github.com/sunquan/rick/internal/cmd/plan.go:90.16,92.3 1 0
github.com/sunquan/rick/internal/cmd/plan.go:94.2,95.16 2 0
github.com/sunquan/rick/internal/cmd/plan.go:95.16,97.3 1 0
github.com/sunquan/rick/internal/cmd/plan.go:99.2,99.18 1 0
github.com/sunquan/rick/internal/cmd/plan.go:99.18,101.3 1 0
github.com/sunquan/rick/internal/cmd/plan.go:104.2,104.18 1 0
github.com/sunquan/rick/internal/cmd/plan.go:104.18,106.3 1 0
github.com/sunquan/rick/internal/cmd/plan.go:108.2,112.45 3 0
github.com/sunquan/rick/internal/cmd/plan.go:112.45,113.78 1 0
github.com/sunquan/rick/internal/cmd/plan.go:113.78,115.4 1 0
github.com/sunquan/rick/internal/cmd/plan.go:118.2,119.45 2 0
github.com/sunquan/rick/internal/cmd/plan.go:119.45,120.79 1 0
github.com/sunquan/rick/internal/cmd/plan.go:120.79,122.4 1 0
github.com/sunquan/rick/internal/cmd/plan.go:126.2,127.56 2 0
github.com/sunquan/rick/internal/cmd/plan.go:127.56,130.3 1 0
github.com/sunquan/rick/internal/cmd/plan.go:132.2,135.16 3 0
github.com/sunquan/rick/internal/cmd/plan.go:135.16,137.3 1 0
github.com/sunquan/rick/internal/cmd/plan.go:139.2,139.18 1 0
github.com/sunquan/rick/internal/cmd/plan.go:139.18,141.3 1 0
github.com/sunquan/rick/internal/cmd/plan.go:144.2,144.18 1 0
github.com/sunquan/rick/internal/cmd/plan.go:144.18,146.3 1 0
github.com/sunquan/rick/internal/cmd/plan.go:148.2,149.16 2 0
github.com/sunquan/rick/internal/cmd/plan.go:149.16,151.3 1 0
github.com/sunquan/rick/internal/cmd/plan.go:153.2,153.18 1 0
github.com/sunquan/rick/internal/cmd/plan.go:153.18,155.3 1 0
github.com/sunquan/rick/internal/cmd/plan.go:158.2,158.18 1 0
github.com/sunquan/rick/internal/cmd/plan.go:158.18,160.3 1 0
github.com/sunquan/rick/internal/cmd/plan.go:162.2,163.16 2 0
github.com/sunquan/rick/internal/cmd/plan.go:163.16,165.3 1 0
github.com/sunquan/rick/internal/cmd/plan.go:167.2,167.18 1 0
github.com/sunquan/rick/internal/cmd/plan.go:167.18,169.3 1 0
github.com/sunquan/rick/internal/cmd/plan.go:172.2,172.18 1 0
github.com/sunquan/rick/internal/cmd/plan.go:172.18,174.3 1 0
github.com/sunquan/rick/internal/cmd/plan.go:176.2,177.16 2 0
github.com/sunquan/rick/internal/cmd/plan.go:177.16,179.3 1 0
github.com/sunquan/rick/internal/cmd/plan.go:181.2,181.58 1 0
github.com/sunquan/rick/internal/cmd/plan.go:181.58,183.3 1 0
github.com/sunquan/rick/internal/cmd/plan.go:185.2,185.18 1 0
github.com/sunquan/rick/internal/cmd/plan.go:185.18,187.3 1 0
github.com/sunquan/rick/internal/cmd/plan.go:190.2,190.18 1 0
github.com/sunquan/rick/internal/cmd/plan.go:190.18,192.3 1 0
github.com/sunquan/rick/internal/cmd/plan.go:194.2,194.58 1 0
github.com/sunquan/rick/internal/cmd/plan.go:194.58,195.19 1 0
github.com/sunquan/rick/internal/cmd/plan.go:195.19,197.4 1 0
github.com/sunquan/rick/internal/cmd/plan.go:200.2,200.12 1 0
github.com/sunquan/rick/internal/cmd/plan.go:204.75,207.16 2 0
github.com/sunquan/rick/internal/cmd/plan.go:207.16,209.3 1 0
github.com/sunquan/rick/internal/cmd/plan.go:210.2,212.55 2 0
github.com/sunquan/rick/internal/cmd/plan.go:212.55,215.3 2 0
github.com/sunquan/rick/internal/cmd/plan.go:216.2,220.22 3 0
github.com/sunquan/rick/internal/cmd/plan.go:220.22,222.3 1 0
github.com/sunquan/rick/internal/cmd/plan.go:224.2,226.16 3 0
github.com/sunquan/rick/internal/cmd/plan.go:226.16,228.3 1 0
github.com/sunquan/rick/internal/cmd/plan.go:230.2,230.28 1 0
github.com/sunquan/rick/internal/cmd/plan.go:234.118,239.53 2 0
github.com/sunquan/rick/internal/cmd/plan.go:239.53,241.3 1 0
github.com/sunquan/rick/internal/cmd/plan.go:243.2,244.16 2 0
github.com/sunquan/rick/internal/cmd/plan.go:244.16,246.3 1 0
github.com/sunquan/rick/internal/cmd/plan.go:248.2,254.16 4 0
github.com/sunquan/rick/internal/cmd/plan.go:254.16,256.3 1 0
github.com/sunquan/rick/internal/cmd/plan.go:258.2,258.21 1 0
github.com/sunquan/rick/internal/cmd/plan.go:258.21,260.3 1 0
github.com/sunquan/rick/internal/cmd/plan.go:262.2,262.26 1 0
github.com/sunquan/rick/internal/cmd/plan.go:266.103,267.52 1 1
github.com/sunquan/rick/internal/cmd/plan.go:267.52,269.3 1 0
github.com/sunquan/rick/internal/cmd/plan.go:272.2,276.35 4 1
github.com/sunquan/rick/internal/cmd/plan.go:276.35,277.49 1 1
github.com/sunquan/rick/internal/cmd/plan.go:277.49,279.12 1 1
github.com/sunquan/rick/internal/cmd/plan.go:283.3,283.12 1 1
github.com/sunquan/rick/internal/cmd/plan.go:283.12,285.4 1 1
github.com/sunquan/rick/internal/cmd/plan.go:288.3,289.17 2 1
github.com/sunquan/rick/internal/cmd/plan.go:289.17,290.20 1 0
github.com/sunquan/rick/internal/cmd/plan.go:290.20,292.5 1 0
github.com/sunquan/rick/internal/cmd/plan.go:293.4,293.12 1 0
github.com/sunquan/rick/internal/cmd/plan.go:297.3,298.69 2 1
github.com/sunquan/rick/internal/cmd/plan.go:298.69,300.4 1 0
github.com/sunquan/rick/internal/cmd/plan.go:302.3,303.14 2 1
github.com/sunquan/rick/internal/cmd/plan.go:306.2,306.19 1 1
github.com/sunquan/rick/internal/cmd/plan.go:310.87,316.21 2 1
github.com/sunquan/rick/internal/cmd/plan.go:316.21,318.3 1 0
github.com/sunquan/rick/internal/cmd/plan.go:320.2,325.18 4 1
github.com/sunquan/rick/internal/cmd/plan.go:325.18,327.36 2 1
github.com/sunquan/rick/internal/cmd/plan.go:327.36,329.4 1 1
github.com/sunquan/rick/internal/cmd/plan.go:333.2,334.17 2 1
github.com/sunquan/rick/internal/cmd/plan.go:334.17,336.30 2 1
github.com/sunquan/rick/internal/cmd/plan.go:336.30,338.36 2 1
github.com/sunquan/rick/internal/cmd/plan.go:338.36,341.5 2 1
github.com/sunquan/rick/internal/cmd/plan.go:342.4,342.18 1 1
github.com/sunquan/rick/internal/cmd/plan.go:342.18,344.5 1 1
github.com/sunquan/rick/internal/cmd/plan.go:348.2,348.18 1 1
github.com/sunquan/rick/internal/cmd/plan.go:353.79,358.29 4 1
github.com/sunquan/rick/internal/cmd/plan.go:358.29,359.40 1 1
github.com/sunquan/rick/internal/cmd/plan.go:359.40,362.40 2 1
github.com/sunquan/rick/internal/cmd/plan.go:362.40,365.41 2 1
github.com/sunquan/rick/internal/cmd/plan.go:365.41,366.11 1 1
github.com/sunquan/rick/internal/cmd/plan.go:368.5,368.23 1 1
github.com/sunquan/rick/internal/cmd/plan.go:368.23,370.6 1 1
github.com/sunquan/rick/internal/cmd/plan.go:372.4,372.9 1 1
github.com/sunquan/rick/internal/cmd/plan.go:376.2,376.12 1 1
github.com/sunquan/rick/internal/cmd/plan.go:376.12,378.3 1 1
github.com/sunquan/rick/internal/cmd/plan.go:380.2,380.22 1 1
github.com/sunquan/rick/internal/cmd/plan.go:380.22,382.3 1 1
github.com/sunquan/rick/internal/cmd/plan.go:384.2,384.35 1 1
github.com/sunquan/rick/internal/cmd/plan.go:388.68,391.16 2 0
github.com/sunquan/rick/internal/cmd/plan.go:391.16,393.3 1 0
github.com/sunquan/rick/internal/cmd/plan.go:396.2,396.42 1 0
github.com/sunquan/rick/internal/cmd/plan.go:396.42,398.3 1 0
github.com/sunquan/rick/internal/cmd/plan.go:401.2,402.16 2 0
github.com/sunquan/rick/internal/cmd/plan.go:402.16,404.3 1 0
github.com/sunquan/rick/internal/cmd/plan.go:407.2,408.16 2 0
github.com/sunquan/rick/internal/cmd/plan.go:408.16,410.3 1 0
github.com/sunquan/rick/internal/cmd/plan.go:413.2,415.73 3 0
github.com/sunquan/rick/internal/cmd/plan.go:415.73,417.3 1 0
github.com/sunquan/rick/internal/cmd/plan.go:419.2,419.12 1 0
github.com/sunquan/rick/internal/cmd/plan.go:423.60,427.24 2 1
github.com/sunquan/rick/internal/cmd/plan.go:427.24,428.39 1 1
github.com/sunquan/rick/internal/cmd/plan.go:428.39,430.4 1 0
github.com/sunquan/rick/internal/cmd/plan.go:434.2,435.77 2 1
github.com/sunquan/rick/internal/cmd/plan.go:435.77,437.3 1 1
github.com/sunquan/rick/internal/cmd/plan.go:440.2,441.45 2 0
github.com/sunquan/rick/internal/cmd/plan.go:441.45,443.58 1 0
github.com/sunquan/rick/internal/cmd/plan.go:443.58,445.4 1 0
github.com/sunquan/rick/internal/cmd/plan.go:448.2,448.12 1 0
github.com/sunquan/rick/internal/cmd/plan.go:452.29,455.2 1 1
github.com/sunquan/rick/internal/cmd/root.go:15.48,21.55 1 1
github.com/sunquan/rick/internal/cmd/root.go:21.55,22.22 1 0
github.com/sunquan/rick/internal/cmd/root.go:22.22,24.5 1 0
github.com/sunquan/rick/internal/cmd/root.go:25.4,25.14 1 0
github.com/sunquan/rick/internal/cmd/root.go:30.2,43.16 9 1
github.com/sunquan/rick/internal/cmd/root.go:47.24,49.2 1 1
github.com/sunquan/rick/internal/cmd/root.go:52.23,54.2 1 1
github.com/sunquan/rick/internal/cmd/root.go:57.24,59.2 1 1
github.com/sunquan/rick/internal/cmd/root.go:62.37,63.14 1 1
github.com/sunquan/rick/internal/cmd/root.go:63.14,65.3 1 1
github.com/sunquan/rick/internal/cmd/root.go:68.2,68.17 1 1
github.com/sunquan/rick/internal/cmd/root.go:68.17,70.3 1 0
github.com/sunquan/rick/internal/cmd/root.go:73.2,73.24 1 1
github.com/sunquan/rick/internal/cmd/root.go:73.24,77.28 1 1
github.com/sunquan/rick/internal/cmd/root.go:77.28,79.4 1 1
github.com/sunquan/rick/internal/cmd/root.go:82.2,82.12 1 1
github.com/sunquan/rick/pkg/errors/errors.go:11.46,13.2 1 1
github.com/sunquan/rick/pkg/errors/errors.go:15.38,17.2 1 1
github.com/sunquan/rick/pkg/errors/errors.go:25.52,27.2 1 1
github.com/sunquan/rick/pkg/errors/errors.go:29.41,31.2 1 1
github.com/sunquan/rick/pkg/errors/errors.go:39.46,41.2 1 1
github.com/sunquan/rick/pkg/errors/errors.go:43.38,45.2 1 1
github.com/sunquan/rick/pkg/errors/errors.go:53.50,55.2 1 1
github.com/sunquan/rick/pkg/errors/errors.go:57.40,59.2 1 1
github.com/sunquan/rick/pkg/errors/errors.go:67.40,69.2 1 1
github.com/sunquan/rick/pkg/errors/errors.go:71.35,73.2 1 1
github.com/sunquan/rick/pkg/feedback/error_handler.go:33.56,39.2 1 1
github.com/sunquan/rick/pkg/feedback/error_handler.go:42.60,44.2 1 1
github.com/sunquan/rick/pkg/feedback/error_handler.go:47.53,49.2 1 1
github.com/sunquan/rick/pkg/feedback/error_handler.go:52.79,60.26 2 1
github.com/sunquan/rick/pkg/feedback/error_handler.go:60.26,62.3 1 1
github.com/sunquan/rick/pkg/feedback/error_handler.go:64.2,64.12 1 1
github.com/sunquan/rick/pkg/feedback/error_handler.go:68.99,76.26 2 1
github.com/sunquan/rick/pkg/feedback/error_handler.go:76.26,78.3 1 0
github.com/sunquan/rick/pkg/feedback/error_handler.go:80.2,80.12 1 1
github.com/sunquan/rick/pkg/feedback/error_handler.go:84.72,86.2 1 1
github.com/sunquan/rick/pkg/feedback/error_handler.go:89.78,96.37 3 1
github.com/sunquan/rick/pkg/feedback/error_handler.go:96.37,98.39 2 1
github.com/sunquan/rick/pkg/feedback/error_handler.go:98.39,100.4 1 1
github.com/sunquan/rick/pkg/feedback/error_handler.go:104.2,104.29 1 1
github.com/sunquan/rick/pkg/feedback/error_handler.go:104.29,106.40 2 1
github.com/sunquan/rick/pkg/feedback/error_handler.go:106.40,108.4 1 1
github.com/sunquan/rick/pkg/feedback/error_handler.go:112.2,112.33 1 1
github.com/sunquan/rick/pkg/feedback/error_handler.go:112.33,114.3 1 1
github.com/sunquan/rick/pkg/feedback/error_handler.go:116.2,116.20 1 1
github.com/sunquan/rick/pkg/feedback/error_handler.go:120.51,127.41 4 1
github.com/sunquan/rick/pkg/feedback/error_handler.go:127.41,130.16 3 1
github.com/sunquan/rick/pkg/feedback/error_handler.go:130.16,131.12 1 0
github.com/sunquan/rick/pkg/feedback/error_handler.go:134.3,139.5 2 1
github.com/sunquan/rick/pkg/feedback/error_handler.go:142.2,142.15 1 1
github.com/sunquan/rick/pkg/feedback/error_handler.go:146.71,149.33 3 1
github.com/sunquan/rick/pkg/feedback/error_handler.go:149.33,151.3 1 0
github.com/sunquan/rick/pkg/feedback/error_handler.go:152.2,152.19 1 1
github.com/sunquan/rick/pkg/feedback/error_handler.go:156.45,158.2 1 1
github.com/sunquan/rick/pkg/feedback/i18n.go:23.51,28.2 1 1
github.com/sunquan/rick/pkg/feedback/i18n.go:31.51,33.2 1 1
github.com/sunquan/rick/pkg/feedback/i18n.go:36.79,38.2 1 1
github.com/sunquan/rick/pkg/feedback/i18n.go:41.68,42.33 1 1
github.com/sunquan/rick/pkg/feedback/i18n.go:42.33,43.34 1 1
github.com/sunquan/rick/pkg/feedback/i18n.go:43.34,45.4 1 1
github.com/sunquan/rick/pkg/feedback/i18n.go:47.3,47.39 1 1
github.com/sunquan/rick/pkg/feedback/i18n.go:47.39,49.4 1 1
github.com/sunquan/rick/pkg/feedback/i18n.go:51.2,51.12 1 1
github.com/sunquan/rick/pkg/feedback/i18n.go:55.55,102.43 3 1
github.com/sunquan/rick/pkg/feedback/i18n.go:102.43,104.3 1 1
github.com/sunquan/rick/pkg/feedback/i18n.go:107.2,134.48 2 1
github.com/sunquan/rick/pkg/feedback/i18n.go:134.48,136.3 1 1
github.com/sunquan/rick/pkg/feedback/i18n.go:138.2,138.13 1 1
github.com/sunquan/rick/pkg/feedback/i18n.go:142.52,144.38 2 1
github.com/sunquan/rick/pkg/feedback/i18n.go:144.38,146.3 1 1
github.com/sunquan/rick/pkg/feedback/i18n.go:147.2,147.20 1 1
github.com/sunquan/rick/pkg/feedback/progress.go:21.59,29.2 1 1
github.com/sunquan/rick/pkg/feedback/progress.go:32.87,40.2 1 1
github.com/sunquan/rick/pkg/feedback/progress.go:43.44,46.2 2 1
github.com/sunquan/rick/pkg/feedback/progress.go:49.36,52.2 2 1
github.com/sunquan/rick/pkg/feedback/progress.go:55.35,59.2 3 1
github.com/sunquan/rick/pkg/feedback/progress.go:62.33,63.19 1 1
github.com/sunquan/rick/pkg/feedback/progress.go:63.19,65.3 1 1
github.com/sunquan/rick/pkg/feedback/progress.go:67.2,75.76 6 1
github.com/sunquan/rick/pkg/feedback/progress.go:79.45,80.21 1 1
github.com/sunquan/rick/pkg/feedback/progress.go:80.21,82.3 1 1
github.com/sunquan/rick/pkg/feedback/progress.go:83.2,83.21 1 1
github.com/sunquan/rick/pkg/feedback/progress.go:83.21,85.3 1 1
github.com/sunquan/rick/pkg/feedback/progress.go:86.2,88.48 3 1
github.com/sunquan/rick/pkg/feedback/progress.go:97.44,101.2 1 1
github.com/sunquan/rick/pkg/feedback/progress.go:104.70,108.2 1 1
github.com/sunquan/rick/pkg/feedback/progress.go:111.52,113.2 1 1
github.com/sunquan/rick/pkg/feedback/progress.go:116.50,118.2 1 1
github.com/sunquan/rick/pkg/feedback/progress.go:121.52,123.2 1 1
github.com/sunquan/rick/pkg/feedback/progress.go:126.49,128.2 1 1
github.com/sunquan/rick/pkg/feedback/progress.go:131.50,133.2 1 1
github.com/sunquan/rick/pkg/feedback/progress.go:136.52,138.2 1 1
github.com/sunquan/rick/pkg/feedback/progress.go:141.52,143.2 1 1
github.com/sunquan/rick/pkg/feedback/progress.go:146.48,148.2 1 1
github.com/sunquan/rick/pkg/feedback/progress.go:158.28,164.2 1 1
github.com/sunquan/rick/pkg/feedback/progress.go:167.33,171.2 3 1
github.com/sunquan/rick/pkg/feedback/progress.go:174.41,176.2 1 1
github.com/sunquan/rick/pkg/feedback/verbose_logger.go:22.52,24.2 1 1
github.com/sunquan/rick/pkg/feedback/verbose_logger.go:27.75,37.2 1 1
github.com/sunquan/rick/pkg/feedback/verbose_logger.go:40.51,42.2 1 1
github.com/sunquan/rick/pkg/feedback/verbose_logger.go:45.43,47.2 1 1
github.com/sunquan/rick/pkg/feedback/verbose_logger.go:50.67,52.2 1 1
github.com/sunquan/rick/pkg/feedback/verbose_logger.go:55.67,57.2 1 1
github.com/sunquan/rick/pkg/feedback/verbose_logger.go:60.68,62.2 1 1
github.com/sunquan/rick/pkg/feedback/verbose_logger.go:65.68,66.23 1 1
github.com/sunquan/rick/pkg/feedback/verbose_logger.go:66.23,68.3 1 1
github.com/sunquan/rick/pkg/feedback/verbose_logger.go:72.70,73.23 1 1
github.com/sunquan/rick/pkg/feedback/verbose_logger.go:73.23,75.3 1 1
github.com/sunquan/rick/pkg/feedback/verbose_logger.go:79.68,80.23 1 1
github.com/sunquan/rick/pkg/feedback/verbose_logger.go:80.23,82.3 1 1
github.com/sunquan/rick/pkg/feedback/verbose_logger.go:86.78,87.23 1 1
github.com/sunquan/rick/pkg/feedback/verbose_logger.go:87.23,89.3 1 1
github.com/sunquan/rick/pkg/feedback/verbose_logger.go:90.2,90.11 1 1
github.com/sunquan/rick/pkg/feedback/verbose_logger.go:94.55,95.23 1 1
github.com/sunquan/rick/pkg/feedback/verbose_logger.go:95.23,97.3 1 0
github.com/sunquan/rick/pkg/feedback/verbose_logger.go:101.76,102.23 1 1
github.com/sunquan/rick/pkg/feedback/verbose_logger.go:102.23,104.3 1 0
github.com/sunquan/rick/pkg/feedback/verbose_logger.go:108.88,109.23 1 1
github.com/sunquan/rick/pkg/feedback/verbose_logger.go:109.23,111.35 2 1
github.com/sunquan/rick/pkg/feedback/verbose_logger.go:111.35,113.4 1 1
github.com/sunquan/rick/pkg/feedback/verbose_logger.go:118.64,119.23 1 1
github.com/sunquan/rick/pkg/feedback/verbose_logger.go:119.23,121.3 1 1
github.com/sunquan/rick/pkg/feedback/verbose_logger.go:125.84,126.23 1 1
github.com/sunquan/rick/pkg/feedback/verbose_logger.go:126.23,128.19 2 1
github.com/sunquan/rick/pkg/feedback/verbose_logger.go:128.19,130.4 1 1
github.com/sunquan/rick/internal/workspace/paths.go:24.35,26.2 1 1
github.com/sunquan/rick/internal/workspace/paths.go:29.30,35.43 3 1
github.com/sunquan/rick/internal/workspace/paths.go:35.43,37.3 1 0
github.com/sunquan/rick/internal/workspace/paths.go:38.2,38.20 1 1
github.com/sunquan/rick/internal/workspace/paths.go:42.35,44.16 2 1
github.com/sunquan/rick/internal/workspace/paths.go:44.16,46.3 1 0
github.com/sunquan/rick/internal/workspace/paths.go:47.2,48.46 2 1
github.com/sunquan/rick/internal/workspace/paths.go:52.35,54.16 2 1
github.com/sunquan/rick/internal/workspace/paths.go:54.16,56.3 1 0
github.com/sunquan/rick/internal/workspace/paths.go:57.2,57.49 1 1
github.com/sunquan/rick/internal/workspace/paths.go:61.46,63.16 2 1
github.com/sunquan/rick/internal/workspace/paths.go:63.16,65.3 1 0
github.com/sunquan/rick/internal/workspace/paths.go:66.2,66.43 1 1
github.com/sunquan/rick/internal/workspace/paths.go:70.50,72.16 2 1
github.com/sunquan/rick/internal/workspace/paths.go:72.16,74.3 1 0
github.com/sunquan/rick/internal/workspace/paths.go:75.2,75.48 1 1
github.com/sunquan/rick/internal/workspace/paths.go:79.51,81.16 2 1
github.com/sunquan/rick/internal/workspace/paths.go:81.16,83.3 1 0
github.com/sunquan/rick/internal/workspace/paths.go:84.2,84.49 1 1
github.com/sunquan/rick/internal/workspace/paths.go:88.54,90.16 2 1
github.com/sunquan/rick/internal/workspace/paths.go:90.16,92.3 1 0
github.com/sunquan/rick/internal/workspace/paths.go:93.2,93.52 1 1
github.com/sunquan/rick/internal/workspace/workspace.go:15.32,17.16 2 1
github.com/sunquan/rick/internal/workspace/workspace.go:17.16,19.3 1 0
github.com/sunquan/rick/internal/workspace/workspace.go:20.2,22.8 1 1
github.com/sunquan/rick/internal/workspace/workspace.go:26.43,35.34 2 1
github.com/sunquan/rick/internal/workspace/workspace.go:35.34,36.48 1 1
github.com/sunquan/rick/internal/workspace/workspace.go:36.48,38.4 1 0
github.com/sunquan/rick/internal/workspace/workspace.go:42.2,43.53 2 1
github.com/sunquan/rick/internal/workspace/workspace.go:43.53,44.75 1 1
github.com/sunquan/rick/internal/workspace/workspace.go:44.75,46.4 1 0
github.com/sunquan/rick/internal/workspace/workspace.go:50.2,51.53 2 1
github.com/sunquan/rick/internal/workspace/workspace.go:51.53,52.76 1 1
github.com/sunquan/rick/internal/workspace/workspace.go:52.76,54.4 1 0
github.com/sunquan/rick/internal/workspace/workspace.go:57.2,57.12 1 1
github.com/sunquan/rick/internal/workspace/workspace.go:61.62,62.17 1 1
github.com/sunquan/rick/internal/workspace/workspace.go:62.17,64.3 1 1
github.com/sunquan/rick/internal/workspace/workspace.go:65.2,65.58 1 1
github.com/sunquan/rick/internal/workspace/workspace.go:69.60,70.17 1 1
github.com/sunquan/rick/internal/workspace/workspace.go:70.17,72.3 1 1
github.com/sunquan/rick/internal/workspace/workspace.go:74.2,75.16 2 1
github.com/sunquan/rick/internal/workspace/workspace.go:75.16,77.3 1 0
github.com/sunquan/rick/internal/workspace/workspace.go:80.2,87.34 2 1
github.com/sunquan/rick/internal/workspace/workspace.go:87.34,88.48 1 1
github.com/sunquan/rick/internal/workspace/workspace.go:88.48,90.4 1 0
github.com/sunquan/rick/internal/workspace/workspace.go:93.2,93.12 1 1
github.com/sunquan/rick/internal/workspace/workspace.go:97.47,105.34 2 1
github.com/sunquan/rick/internal/workspace/workspace.go:105.34,106.48 1 1
github.com/sunquan/rick/internal/workspace/workspace.go:106.48,108.4 1 0
github.com/sunquan/rick/internal/workspace/workspace.go:111.2,111.12 1 1
github.com/sunquan/rick/internal/workspace/workspace.go:115.41,117.2 1 1
github.com/sunquan/rick/internal/parser/context.go:16.53,17.19 1 1
github.com/sunquan/rick/internal/parser/context.go:17.19,22.3 1 1
github.com/sunquan/rick/internal/parser/context.go:24.2,28.16 3 1
github.com/sunquan/rick/internal/parser/context.go:28.16,30.3 1 0
github.com/sunquan/rick/internal/parser/context.go:31.2,35.16 3 1
github.com/sunquan/rick/internal/parser/context.go:35.16,37.3 1 0
github.com/sunquan/rick/internal/parser/context.go:38.2,40.18 2 1
github.com/sunquan/rick/internal/parser/context.go:44.54,45.19 1 1
github.com/sunquan/rick/internal/parser/context.go:45.19,49.3 1 1
github.com/sunquan/rick/internal/parser/context.go:51.2,55.16 3 1
github.com/sunquan/rick/internal/parser/context.go:55.16,57.3 1 0
github.com/sunquan/rick/internal/parser/context.go:58.2,60.18 2 1
github.com/sunquan/rick/internal/parser/context.go:65.58,67.26 2 1
github.com/sunquan/rick/internal/parser/context.go:67.26,70.3 1 1
github.com/sunquan/rick/internal/parser/context.go:72.2,72.26 1 1
github.com/sunquan/rick/internal/parser/context.go:72.26,74.3 1 1
github.com/sunquan/rick/internal/parser/context.go:77.2,79.29 3 1
github.com/sunquan/rick/internal/parser/context.go:79.29,82.39 2 1
github.com/sunquan/rick/internal/parser/context.go:82.39,84.4 1 1
github.com/sunquan/rick/internal/parser/context.go:84.9,84.46 1 1
github.com/sunquan/rick/internal/parser/context.go:84.46,86.4 1 1
github.com/sunquan/rick/internal/parser/context.go:86.9,86.72 1 1
github.com/sunquan/rick/internal/parser/context.go:86.72,89.23 2 1
github.com/sunquan/rick/internal/parser/context.go:89.23,91.5 1 1
github.com/sunquan/rick/internal/parser/context.go:94.2,94.19 1 1
github.com/sunquan/rick/internal/parser/context.go:99.58,101.26 2 1
github.com/sunquan/rick/internal/parser/context.go:101.26,104.3 1 1
github.com/sunquan/rick/internal/parser/context.go:106.2,106.26 1 1
github.com/sunquan/rick/internal/parser/context.go:106.26,108.3 1 1
github.com/sunquan/rick/internal/parser/context.go:111.2,113.29 3 1
github.com/sunquan/rick/internal/parser/context.go:113.29,116.39 2 1
github.com/sunquan/rick/internal/parser/context.go:116.39,118.4 1 1
github.com/sunquan/rick/internal/parser/context.go:118.9,118.46 1 1
github.com/sunquan/rick/internal/parser/context.go:118.46,120.4 1 1
github.com/sunquan/rick/internal/parser/context.go:120.9,120.72 1 1
github.com/sunquan/rick/internal/parser/context.go:120.72,123.23 2 1
github.com/sunquan/rick/internal/parser/context.go:123.23,125.5 1 1
github.com/sunquan/rick/internal/parser/context.go:128.2,128.19 1 1
github.com/sunquan/rick/internal/parser/context.go:133.62,135.26 2 1
github.com/sunquan/rick/internal/parser/context.go:135.26,138.3 1 1
github.com/sunquan/rick/internal/parser/context.go:140.2,140.26 1 1
github.com/sunquan/rick/internal/parser/context.go:140.26,143.3 1 1
github.com/sunquan/rick/internal/parser/context.go:145.2,145.26 1 1
github.com/sunquan/rick/internal/parser/context.go:145.26,147.3 1 1
github.com/sunquan/rick/internal/parser/context.go:150.2,152.29 3 1
github.com/sunquan/rick/internal/parser/context.go:152.29,155.39 2 1
github.com/sunquan/rick/internal/parser/context.go:155.39,157.4 1 1
github.com/sunquan/rick/internal/parser/context.go:157.9,157.46 1 1
github.com/sunquan/rick/internal/parser/context.go:157.46,159.4 1 1
github.com/sunquan/rick/internal/parser/context.go:159.9,159.72 1 1
github.com/sunquan/rick/internal/parser/context.go:159.72,162.23 2 1
github.com/sunquan/rick/internal/parser/context.go:162.23,164.5 1 1
github.com/sunquan/rick/internal/parser/context.go:167.2,167.19 1 1
github.com/sunquan/rick/internal/parser/coordinator.go:27.36,31.2 1 1
github.com/sunquan/rick/internal/parser/coordinator.go:35.81,38.43 2 1
github.com/sunquan/rick/internal/parser/coordinator.go:38.43,41.3 2 1
github.com/sunquan/rick/internal/parser/coordinator.go:42.2,54.39 5 1
github.com/sunquan/rick/internal/parser/coordinator.go:54.39,56.3 1 0
github.com/sunquan/rick/internal/parser/coordinator.go:57.2,57.23 1 1
github.com/sunquan/rick/internal/parser/coordinator.go:57.23,59.17 2 1
github.com/sunquan/rick/internal/parser/coordinator.go:59.17,61.4 1 0
github.com/sunquan/rick/internal/parser/coordinator.go:62.3,63.46 2 1
github.com/sunquan/rick/internal/parser/coordinator.go:67.2,69.39 3 1
github.com/sunquan/rick/internal/parser/coordinator.go:69.39,71.3 1 0
github.com/sunquan/rick/internal/parser/coordinator.go:72.2,72.24 1 1
github.com/sunquan/rick/internal/parser/coordinator.go:72.24,74.17 2 1
github.com/sunquan/rick/internal/parser/coordinator.go:74.17,76.4 1 0
github.com/sunquan/rick/internal/parser/coordinator.go:77.3,78.48 2 1
github.com/sunquan/rick/internal/parser/coordinator.go:82.2,84.39 3 1
github.com/sunquan/rick/internal/parser/coordinator.go:84.39,86.3 1 0
github.com/sunquan/rick/internal/parser/coordinator.go:87.2,87.22 1 1
github.com/sunquan/rick/internal/parser/coordinator.go:87.22,89.17 2 1
github.com/sunquan/rick/internal/parser/coordinator.go:89.17,91.4 1 0
github.com/sunquan/rick/internal/parser/coordinator.go:92.3,93.44 2 1
github.com/sunquan/rick/internal/parser/coordinator.go:97.2,99.39 3 1
github.com/sunquan/rick/internal/parser/coordinator.go:99.39,101.3 1 0
github.com/sunquan/rick/internal/parser/coordinator.go:102.2,102.23 1 1
github.com/sunquan/rick/internal/parser/coordinator.go:102.23,104.17 2 1
github.com/sunquan/rick/internal/parser/coordinator.go:104.17,106.4 1 0
github.com/sunquan/rick/internal/parser/coordinator.go:107.3,108.46 2 1
github.com/sunquan/rick/internal/parser/coordinator.go:112.2,116.21 4 1
github.com/sunquan/rick/internal/parser/coordinator.go:125.70,126.20 1 1
github.com/sunquan/rick/internal/parser/coordinator.go:126.20,128.3 1 1
github.com/sunquan/rick/internal/parser/coordinator.go:130.2,130.29 1 1
github.com/sunquan/rick/internal/parser/coordinator.go:130.29,132.3 1 1
github.com/sunquan/rick/internal/parser/coordinator.go:135.2,136.37 2 1
github.com/sunquan/rick/internal/parser/coordinator.go:136.37,138.3 1 1
github.com/sunquan/rick/internal/parser/coordinator.go:140.2,140.37 1 1
github.com/sunquan/rick/internal/parser/coordinator.go:140.37,141.41 1 1
github.com/sunquan/rick/internal/parser/coordinator.go:141.41,142.44 1 1
github.com/sunquan/rick/internal/parser/coordinator.go:142.44,144.5 1 1
github.com/sunquan/rick/internal/parser/coordinator.go:149.2,149.66 1 1
github.com/sunquan/rick/internal/parser/coordinator.go:149.66,151.3 1 1
github.com/sunquan/rick/internal/parser/coordinator.go:154.2,154.68 1 1
github.com/sunquan/rick/internal/parser/coordinator.go:154.68,156.51 1 0
github.com/sunquan/rick/internal/parser/coordinator.go:156.51,157.23 1 0
github.com/sunquan/rick/internal/parser/coordinator.go:157.23,159.5 1 0
github.com/sunquan/rick/internal/parser/coordinator.go:163.2,163.12 1 1
github.com/sunquan/rick/internal/parser/coordinator.go:168.66,169.21 1 1
github.com/sunquan/rick/internal/parser/coordinator.go:169.21,171.3 1 1
github.com/sunquan/rick/internal/parser/coordinator.go:174.2,175.29 2 1
github.com/sunquan/rick/internal/parser/coordinator.go:175.29,176.23 1 1
github.com/sunquan/rick/internal/parser/coordinator.go:176.23,178.4 1 1
github.com/sunquan/rick/internal/parser/coordinator.go:179.3,179.26 1 1
github.com/sunquan/rick/internal/parser/coordinator.go:183.2,183.19 1 1
github.com/sunquan/rick/internal/parser/coordinator.go:187.48,191.2 3 1
github.com/sunquan/rick/internal/parser/coordinator.go:194.39,198.2 3 1
github.com/sunquan/rick/internal/parser/coordinator.go:201.42,205.2 3 1
github.com/sunquan/rick/internal/parser/coordinator.go:209.44,211.16 2 1
github.com/sunquan/rick/internal/parser/coordinator.go:211.16,212.25 1 1
github.com/sunquan/rick/internal/parser/coordinator.go:212.25,214.4 1 1
github.com/sunquan/rick/internal/parser/coordinator.go:215.3,215.17 1 0
github.com/sunquan/rick/internal/parser/coordinator.go:217.2,217.29 1 1
github.com/sunquan/rick/internal/parser/coordinator.go:221.54,224.29 2 1
github.com/sunquan/rick/internal/parser/coordinator.go:224.29,226.3 1 1
github.com/sunquan/rick/internal/parser/coordinator.go:229.2,232.29 3 1
github.com/sunquan/rick/internal/parser/coordinator.go:232.29,233.24 1 1
github.com/sunquan/rick/internal/parser/coordinator.go:233.24,234.53 1 1
github.com/sunquan/rick/internal/parser/coordinator.go:234.53,236.5 1 1
github.com/sunquan/rick/internal/parser/coordinator.go:240.2,240.12 1 1
github.com/sunquan/rick/internal/parser/coordinator.go:244.96,249.13 4 1
github.com/sunquan/rick/internal/parser/coordinator.go:249.13,251.3 1 0
github.com/sunquan/rick/internal/parser/coordinator.go:253.2,253.40 1 1
github.com/sunquan/rick/internal/parser/coordinator.go:253.40,254.20 1 1
github.com/sunquan/rick/internal/parser/coordinator.go:254.20,255.49 1 1
github.com/sunquan/rick/internal/parser/coordinator.go:255.49,257.5 1 1
github.com/sunquan/rick/internal/parser/coordinator.go:258.9,258.27 1 1
github.com/sunquan/rick/internal/parser/coordinator.go:258.27,260.4 1 1
github.com/sunquan/rick/internal/parser/coordinator.go:263.2,264.14 2 1
github.com/sunquan/rick/internal/parser/coordinator.go:268.86,269.20 1 1
github.com/sunquan/rick/internal/parser/coordinator.go:269.20,271.3 1 0
github.com/sunquan/rick/internal/parser/coordinator.go:273.2,273.37 1 1
github.com/sunquan/rick/internal/parser/coordinator.go:273.37,274.24 1 1
github.com/sunquan/rick/internal/parser/coordinator.go:274.24,276.4 1 1
github.com/sunquan/rick/internal/parser/coordinator.go:279.2,279.61 1 1
github.com/sunquan/rick/internal/parser/coordinator.go:283.105,284.48 1 1
github.com/sunquan/rick/internal/parser/coordinator.go:284.48,286.3 1 1
github.com/sunquan/rick/internal/parser/coordinator.go:290.2,290.39 1 1
github.com/sunquan/rick/internal/parser/coordinator.go:303.73,311.30 2 1
github.com/sunquan/rick/internal/parser/coordinator.go:311.30,313.3 1 1
github.com/sunquan/rick/internal/parser/coordinator.go:315.2,315.14 1 1
github.com/sunquan/rick/internal/parser/debug.go:27.53,32.19 2 1
github.com/sunquan/rick/internal/parser/debug.go:32.19,34.3 1 1
github.com/sunquan/rick/internal/parser/debug.go:37.2,40.29 3 1
github.com/sunquan/rick/internal/parser/debug.go:40.29,42.24 2 1
github.com/sunquan/rick/internal/parser/debug.go:42.24,47.18 4 1
github.com/sunquan/rick/internal/parser/debug.go:47.18,48.13 1 0
github.com/sunquan/rick/internal/parser/debug.go:52.4,53.56 2 1
github.com/sunquan/rick/internal/parser/debug.go:57.2,57.23 1 1
github.com/sunquan/rick/internal/parser/debug.go:61.58,68.20 3 1
github.com/sunquan/rick/internal/parser/debug.go:68.20,70.3 1 1
github.com/sunquan/rick/internal/parser/debug.go:71.2,71.20 1 1
github.com/sunquan/rick/internal/parser/debug.go:71.20,73.3 1 1
github.com/sunquan/rick/internal/parser/debug.go:74.2,74.20 1 1
github.com/sunquan/rick/internal/parser/debug.go:74.20,76.3 1 1
github.com/sunquan/rick/internal/parser/debug.go:77.2,77.20 1 1
github.com/sunquan/rick/internal/parser/debug.go:77.20,79.3 1 1
github.com/sunquan/rick/internal/parser/debug.go:80.2,80.20 1 1
github.com/sunquan/rick/internal/parser/debug.go:80.20,82.3 1 1
github.com/sunquan/rick/internal/parser/debug.go:83.2,83.20 1 1
github.com/sunquan/rick/internal/parser/debug.go:83.20,85.3 1 1
github.com/sunquan/rick/internal/parser/debug.go:87.2,87.14 1 1
github.com/sunquan/rick/internal/parser/debug.go:91.59,97.38 2 1
github.com/sunquan/rick/internal/parser/debug.go:97.38,99.3 1 1
github.com/sunquan/rick/internal/parser/debug.go:102.2,102.51 1 1
github.com/sunquan/rick/internal/parser/debug.go:102.51,105.3 1 1
github.com/sunquan/rick/internal/parser/debug.go:108.2,108.56 1 0
github.com/sunquan/rick/internal/parser/debug.go:112.40,114.16 2 1
github.com/sunquan/rick/internal/parser/debug.go:114.16,116.3 1 0
github.com/sunquan/rick/internal/parser/debug.go:117.2,117.31 1 1
github.com/sunquan/rick/internal/parser/debug.go:122.105,125.2 1 1
github.com/sunquan/rick/internal/parser/debug.go:128.41,130.47 2 1
github.com/sunquan/rick/internal/parser/debug.go:130.47,132.3 1 1
github.com/sunquan/rick/internal/parser/debug.go:135.2,136.42 2 1
github.com/sunquan/rick/internal/parser/debug.go:136.42,137.23 1 1
github.com/sunquan/rick/internal/parser/debug.go:137.23,139.4 1 1
github.com/sunquan/rick/internal/parser/debug.go:142.2,142.18 1 1
github.com/sunquan/rick/internal/parser/debug.go:146.64,148.16 2 1
github.com/sunquan/rick/internal/parser/debug.go:148.16,150.3 1 0
github.com/sunquan/rick/internal/parser/debug.go:152.2,152.42 1 1
github.com/sunquan/rick/internal/parser/debug.go:152.42,153.21 1 1
github.com/sunquan/rick/internal/parser/debug.go:153.21,155.4 1 1
github.com/sunquan/rick/internal/parser/debug.go:158.2,158.64 1 1
github.com/sunquan/rick/internal/parser/debug.go:162.128,164.16 2 1
github.com/sunquan/rick/internal/parser/debug.go:164.16,166.3 1 0
github.com/sunquan/rick/internal/parser/debug.go:169.2,170.42 2 1
github.com/sunquan/rick/internal/parser/debug.go:170.42,171.21 1 1
github.com/sunquan/rick/internal/parser/debug.go:171.21,182.9 3 1
github.com/sunquan/rick/internal/parser/debug.go:186.2,186.12 1 1
github.com/sunquan/rick/internal/parser/debug.go:186.12,188.3 1 0
github.com/sunquan/rick/internal/parser/debug.go:191.2,192.42 2 1
github.com/sunquan/rick/internal/parser/debug.go:192.42,195.3 1 1
github.com/sunquan/rick/internal/parser/debug.go:196.2,199.51 2 1
github.com/sunquan/rick/internal/parser/debug.go:199.51,205.27 4 1
github.com/sunquan/rick/internal/parser/debug.go:205.27,207.4 1 0
github.com/sunquan/rick/internal/parser/debug.go:209.3,209.70 1 1
github.com/sunquan/rick/internal/parser/debug.go:212.2,212.48 1 0
github.com/sunquan/rick/internal/parser/markdown.go:19.54,24.2 4 1
github.com/sunquan/rick/internal/parser/markdown.go:27.73,36.2 5 1
github.com/sunquan/rick/internal/parser/markdown.go:40.56,42.2 1 0
github.com/sunquan/rick/internal/parser/markdown.go:45.81,47.64 2 1
github.com/sunquan/rick/internal/parser/markdown.go:47.64,48.16 1 1
github.com/sunquan/rick/internal/parser/markdown.go:48.16,50.4 1 0
github.com/sunquan/rick/internal/parser/markdown.go:51.3,52.35 2 1
github.com/sunquan/rick/internal/parser/markdown.go:52.35,55.4 2 1
github.com/sunquan/rick/internal/parser/markdown.go:56.3,56.26 1 1
github.com/sunquan/rick/internal/parser/markdown.go:58.2,58.17 1 1
github.com/sunquan/rick/internal/parser/markdown.go:62.47,64.2 1 0
github.com/sunquan/rick/internal/parser/markdown.go:67.72,69.64 2 1
github.com/sunquan/rick/internal/parser/markdown.go:69.64,70.16 1 1
github.com/sunquan/rick/internal/parser/markdown.go:70.16,72.4 1 0
github.com/sunquan/rick/internal/parser/markdown.go:73.3,74.9 2 1
github.com/sunquan/rick/internal/parser/markdown.go:74.9,76.18 2 1
github.com/sunquan/rick/internal/parser/markdown.go:76.18,78.5 1 0
github.com/sunquan/rick/internal/parser/markdown.go:80.3,80.26 1 1
github.com/sunquan/rick/internal/parser/markdown.go:82.2,82.14 1 1
github.com/sunquan/rick/internal/parser/markdown.go:86.47,88.2 1 0
github.com/sunquan/rick/internal/parser/markdown.go:91.72,93.64 2 1
github.com/sunquan/rick/internal/parser/markdown.go:93.64,94.16 1 1
github.com/sunquan/rick/internal/parser/markdown.go:94.16,96.4 1 0
github.com/sunquan/rick/internal/parser/markdown.go:97.3,98.9 2 1
github.com/sunquan/rick/internal/parser/markdown.go:98.9,100.18 2 1
github.com/sunquan/rick/internal/parser/markdown.go:100.18,102.5 1 1
github.com/sunquan/rick/internal/parser/markdown.go:104.3,104.26 1 1
github.com/sunquan/rick/internal/parser/markdown.go:106.2,106.19 1 1
github.com/sunquan/rick/internal/parser/markdown.go:110.47,112.2 1 0
github.com/sunquan/rick/internal/parser/markdown.go:115.72,117.64 2 1
github.com/sunquan/rick/internal/parser/markdown.go:117.64,118.16 1 1
github.com/sunquan/rick/internal/parser/markdown.go:118.16,120.4 1 0
github.com/sunquan/rick/internal/parser/markdown.go:121.3,122.9 2 1
github.com/sunquan/rick/internal/parser/markdown.go:122.9,124.18 2 1
github.com/sunquan/rick/internal/parser/markdown.go:124.18,126.5 1 1
github.com/sunquan/rick/internal/parser/markdown.go:128.3,128.26 1 1
github.com/sunquan/rick/internal/parser/markdown.go:130.2,130.15 1 1
github.com/sunquan/rick/internal/parser/markdown.go:134.70,135.17 1 1
github.com/sunquan/rick/internal/parser/markdown.go:135.17,137.3 1 0
github.com/sunquan/rick/internal/parser/markdown.go:139.2,140.21 2 1
github.com/sunquan/rick/internal/parser/markdown.go:140.21,145.29 4 1
github.com/sunquan/rick/internal/parser/markdown.go:145.29,147.4 1 0
github.com/sunquan/rick/internal/parser/markdown.go:148.3,148.37 1 1
github.com/sunquan/rick/internal/parser/markdown.go:148.37,149.12 1 0
github.com/sunquan/rick/internal/parser/markdown.go:152.3,153.20 2 1
github.com/sunquan/rick/internal/parser/markdown.go:153.20,156.4 2 1
github.com/sunquan/rick/internal/parser/markdown.go:161.63,165.2 3 1
github.com/sunquan/rick/internal/parser/markdown.go:168.76,169.17 1 1
github.com/sunquan/rick/internal/parser/markdown.go:169.17,171.3 1 0
github.com/sunquan/rick/internal/parser/markdown.go:173.2,173.26 1 1
github.com/sunquan/rick/internal/parser/markdown.go:174.17,177.95 2 1
github.com/sunquan/rick/internal/parser/markdown.go:177.95,179.4 1 1
github.com/sunquan/rick/internal/parser/markdown.go:180.19,181.21 1 0
github.com/sunquan/rick/internal/parser/markdown.go:182.21,184.74 1 0
github.com/sunquan/rick/internal/parser/markdown.go:184.74,186.4 1 0
github.com/sunquan/rick/internal/parser/markdown.go:187.66,189.74 1 1
github.com/sunquan/rick/internal/parser/markdown.go:189.74,191.4 1 1
github.com/sunquan/rick/internal/parser/markdown.go:196.84,199.35 3 1
github.com/sunquan/rick/internal/parser/markdown.go:199.35,201.67 2 1
github.com/sunquan/rick/internal/parser/markdown.go:201.67,203.4 1 1
github.com/sunquan/rick/internal/parser/markdown.go:205.2,205.21 1 1
github.com/sunquan/rick/internal/parser/markdown.go:209.66,211.2 1 0
github.com/sunquan/rick/internal/parser/markdown.go:214.91,216.17 2 1
github.com/sunquan/rick/internal/parser/markdown.go:216.17,218.3 1 0
github.com/sunquan/rick/internal/parser/markdown.go:219.2,220.72 2 1
github.com/sunquan/rick/internal/parser/markdown.go:220.72,223.3 2 1
github.com/sunquan/rick/internal/parser/markdown.go:224.2,224.11 1 0
github.com/sunquan/rick/internal/parser/markdown.go:228.74,230.16 2 1
github.com/sunquan/rick/internal/parser/markdown.go:230.16,232.3 1 0
github.com/sunquan/rick/internal/parser/markdown.go:233.2,233.27 1 1
github.com/sunquan/rick/internal/parser/task.go:19.47,24.16 3 1
github.com/sunquan/rick/internal/parser/task.go:24.16,26.3 1 0
github.com/sunquan/rick/internal/parser/task.go:27.2,31.16 3 1
github.com/sunquan/rick/internal/parser/task.go:31.16,33.3 1 1
github.com/sunquan/rick/internal/parser/task.go:34.2,38.16 3 1
github.com/sunquan/rick/internal/parser/task.go:38.16,40.3 1 1
github.com/sunquan/rick/internal/parser/task.go:41.2,45.16 3 1
github.com/sunquan/rick/internal/parser/task.go:45.16,47.3 1 0
github.com/sunquan/rick/internal/parser/task.go:48.2,52.16 3 1
github.com/sunquan/rick/internal/parser/task.go:52.16,54.3 1 0
github.com/sunquan/rick/internal/parser/task.go:55.2,57.18 2 1
github.com/sunquan/rick/internal/parser/task.go:61.58,63.19 2 1
github.com/sunquan/rick/internal/parser/task.go:63.19,65.3 1 1
github.com/sunquan/rick/internal/parser/task.go:68.2,70.29 3 1
github.com/sunquan/rick/internal/parser/task.go:70.29,72.20 2 1
github.com/sunquan/rick/internal/parser/task.go:72.20,74.4 1 1
github.com/sunquan/rick/internal/parser/task.go:76.2,76.18 1 1
github.com/sunquan/rick/internal/parser/task.go:80.52,82.19 2 1
github.com/sunquan/rick/internal/parser/task.go:82.19,84.3 1 1
github.com/sunquan/rick/internal/parser/task.go:85.2,85.40 1 1
github.com/sunquan/rick/internal/parser/task.go:89.48,91.19 2 1
github.com/sunquan/rick/internal/parser/task.go:91.19,93.3 1 1
github.com/sunquan/rick/internal/parser/task.go:94.2,94.40 1 1
github.com/sunquan/rick/internal/parser/task.go:98.56,100.26 2 1
github.com/sunquan/rick/internal/parser/task.go:100.26,102.3 1 1
github.com/sunquan/rick/internal/parser/task.go:105.2,107.29 3 1
github.com/sunquan/rick/internal/parser/task.go:107.29,110.39 2 1
github.com/sunquan/rick/internal/parser/task.go:110.39,112.4 1 1
github.com/sunquan/rick/internal/parser/task.go:112.9,112.46 1 0
github.com/sunquan/rick/internal/parser/task.go:112.46,114.4 1 0
github.com/sunquan/rick/internal/parser/task.go:114.9,114.72 1 0
github.com/sunquan/rick/internal/parser/task.go:114.72,117.23 2 0
github.com/sunquan/rick/internal/parser/task.go:117.23,119.5 1 0
github.com/sunquan/rick/internal/parser/task.go:122.2,122.19 1 1
github.com/sunquan/rick/internal/parser/task.go:126.54,128.26 2 1
github.com/sunquan/rick/internal/parser/task.go:128.26,130.3 1 1
github.com/sunquan/rick/internal/parser/task.go:133.2,135.29 3 1
github.com/sunquan/rick/internal/parser/task.go:135.29,138.39 2 1
github.com/sunquan/rick/internal/parser/task.go:138.39,140.4 1 1
github.com/sunquan/rick/internal/parser/task.go:140.9,140.46 1 1
[...]
github.com/sunquan/rick/internal/executor/tasks_json.go:170.86,171.60 1 1
github.com/sunquan/rick/internal/executor/tasks_json.go:171.60,173.3 1 0
github.com/sunquan/rick/internal/executor/tasks_json.go:175.2,179.12 4 1
github.com/sunquan/rick/internal/executor/tasks_json.go:184.67,185.18 1 1
github.com/sunquan/rick/internal/executor/tasks_json.go:185.18,187.3 1 0
github.com/sunquan/rick/internal/executor/tasks_json.go:189.2,190.13 2 1
github.com/sunquan/rick/internal/executor/tasks_json.go:190.13,192.3 1 1
github.com/sunquan/rick/internal/executor/tasks_json.go:194.2,194.30 1 1
github.com/sunquan/rick/internal/executor/tasks_json.go:198.65,199.18 1 1
github.com/sunquan/rick/internal/executor/tasks_json.go:199.18,201.3 1 0
github.com/sunquan/rick/internal/executor/tasks_json.go:203.2,204.13 2 1
github.com/sunquan/rick/internal/executor/tasks_json.go:204.13,206.3 1 0
github.com/sunquan/rick/internal/executor/tasks_json.go:208.2,208.23 1 1
github.com/sunquan/rick/internal/executor/tasks_json.go:212.61,213.18 1 1
github.com/sunquan/rick/internal/executor/tasks_json.go:213.18,215.3 1 0
github.com/sunquan/rick/internal/executor/tasks_json.go:217.2,218.13 2 1
github.com/sunquan/rick/internal/executor/tasks_json.go:218.13,220.3 1 0
github.com/sunquan/rick/internal/executor/tasks_json.go:222.2,225.12 3 1
github.com/sunquan/rick/internal/executor/tasks_json.go:229.48,231.2 1 1
github.com/sunquan/rick/internal/executor/tasks_json.go:234.66,236.32 2 1
github.com/sunquan/rick/internal/executor/tasks_json.go:236.32,237.28 1 1
github.com/sunquan/rick/internal/executor/tasks_json.go:237.28,239.4 1 1
github.com/sunquan/rick/internal/executor/tasks_json.go:241.2,241.15 1 1
github.com/sunquan/rick/internal/executor/tasks_json.go:245.54,247.2 1 1
github.com/sunquan/rick/internal/executor/tasks_json.go:250.51,252.2 1 1
github.com/sunquan/rick/internal/executor/tasks_json.go:255.52,257.2 1 1
github.com/sunquan/rick/internal/executor/tasks_json.go:260.41,262.2 1 1
github.com/sunquan/rick/internal/executor/tasks_json.go:265.46,267.2 1 1
github.com/sunquan/rick/internal/executor/tasks_json.go:270.43,272.2 1 1
github.com/sunquan/rick/internal/executor/tasks_json.go:275.44,277.2 1 1
github.com/sunquan/rick/internal/executor/tasks_json.go:280.44,282.2 1 1
github.com/sunquan/rick/internal/executor/tasks_json.go:285.41,287.2 1 1
github.com/sunquan/rick/internal/executor/topological.go:10.50,11.16 1 1
github.com/sunquan/rick/internal/executor/topological.go:11.16,13.3 1 1
github.com/sunquan/rick/internal/executor/topological.go:16.2,20.40 3 1
github.com/sunquan/rick/internal/executor/topological.go:20.40,21.18 1 1
github.com/sunquan/rick/internal/executor/topological.go:21.18,23.4 1 1
github.com/sunquan/rick/internal/executor/topological.go:27.2,28.21 2 1
github.com/sunquan/rick/internal/executor/topological.go:28.21,36.17 5 1
github.com/sunquan/rick/internal/executor/topological.go:36.17,38.4 1 0
github.com/sunquan/rick/internal/executor/topological.go:40.3,40.40 1 1
github.com/sunquan/rick/internal/executor/topological.go:40.40,45.33 2 1
github.com/sunquan/rick/internal/executor/topological.go:45.33,47.5 1 1
github.com/sunquan/rick/internal/executor/topological.go:52.2,52.35 1 1
github.com/sunquan/rick/internal/executor/topological.go:52.35,55.33 2 0
github.com/sunquan/rick/internal/executor/topological.go:55.33,57.4 1 0
github.com/sunquan/rick/internal/executor/topological.go:59.3,60.33 2 0
github.com/sunquan/rick/internal/executor/topological.go:60.33,61.29 1 0
github.com/sunquan/rick/internal/executor/topological.go:61.29,63.5 1 0
github.com/sunquan/rick/internal/executor/topological.go:66.3,66.86 1 0
github.com/sunquan/rick/internal/executor/topological.go:69.2,69.20 1 1
github.com/sunquan/rick/internal/executor/topological.go:74.50,78.32 2 1
github.com/sunquan/rick/internal/executor/topological.go:78.32,80.3 1 1
github.com/sunquan/rick/internal/executor/topological.go:83.2,83.38 1 1
github.com/sunquan/rick/internal/executor/topological.go:83.38,84.31 1 1
github.com/sunquan/rick/internal/executor/topological.go:84.31,86.4 1 1
github.com/sunquan/rick/internal/executor/topological.go:89.2,89.18 1 1
github.com/sunquan/rick/test_parser.go:9.13,17.29 5 0
github.com/sunquan/rick/test_parser.go:17.29,19.48 2 0
github.com/sunquan/rick/test_parser.go:19.48,21.4 1 0
github.com/sunquan/rick/cmd/rick/main.go:12.13,15.42 2 0
github.com/sunquan/rick/cmd/rick/main.go:15.42,18.3 2 0
github.com/sunquan/rick/internal/git/commit.go:22.54,26.2 1 1
github.com/sunquan/rick/internal/git/commit.go:30.68,31.36 1 1
github.com/sunquan/rick/internal/git/commit.go:31.36,33.3 1 1
github.com/sunquan/rick/internal/git/commit.go:35.2,36.30 2 1
github.com/sunquan/rick/internal/git/commit.go:41.65,42.34 1 1
github.com/sunquan/rick/internal/git/commit.go:42.34,44.3 1 0
github.com/sunquan/rick/internal/git/commit.go:46.2,47.30 2 1
github.com/sunquan/rick/internal/git/commit.go:52.69,53.36 1 1
github.com/sunquan/rick/internal/git/commit.go:53.36,55.3 1 0
github.com/sunquan/rick/internal/git/commit.go:57.2,58.30 2 1
github.com/sunquan/rick/internal/git/commit.go:62.63,66.16 4 1
github.com/sunquan/rick/internal/git/commit.go:66.16,68.3 1 0
github.com/sunquan/rick/internal/git/commit.go:70.2,72.29 3 1
github.com/sunquan/rick/internal/git/commit.go:72.29,73.17 1 1
github.com/sunquan/rick/internal/git/commit.go:73.17,74.12 1 0
github.com/sunquan/rick/internal/git/commit.go:78.3,79.22 2 1
github.com/sunquan/rick/internal/git/commit.go:79.22,83.4 2 1
github.com/sunquan/rick/internal/git/commit.go:86.2,86.19 1 1
github.com/sunquan/rick/internal/git/commit.go:90.61,94.16 4 1
github.com/sunquan/rick/internal/git/commit.go:94.16,96.3 1 0
github.com/sunquan/rick/internal/git/commit.go:98.2,100.29 3 1
github.com/sunquan/rick/internal/git/commit.go:100.29,101.17 1 1
github.com/sunquan/rick/internal/git/commit.go:101.17,103.4 1 1
github.com/sunquan/rick/internal/git/commit.go:106.2,106.19 1 1
github.com/sunquan/rick/internal/git/commit.go:110.63,114.16 4 1
github.com/sunquan/rick/internal/git/commit.go:114.16,116.3 1 0
github.com/sunquan/rick/internal/git/commit.go:118.2,120.29 3 1
github.com/sunquan/rick/internal/git/commit.go:120.29,121.17 1 1
github.com/sunquan/rick/internal/git/commit.go:121.17,123.4 1 1
github.com/sunquan/rick/internal/git/commit.go:126.2,126.19 1 1
github.com/sunquan/rick/internal/git/commit.go:130.64,134.16 4 1
github.com/sunquan/rick/internal/git/commit.go:134.16,136.3 1 0
github.com/sunquan/rick/internal/git/commit.go:138.2,140.29 3 1
github.com/sunquan/rick/internal/git/commit.go:140.29,141.17 1 1
github.com/sunquan/rick/internal/git/commit.go:141.17,143.4 1 1
github.com/sunquan/rick/internal/git/commit.go:146.2,146.19 1 1
github.com/sunquan/rick/internal/git/commit.go:150.78,153.16 2 1
github.com/sunquan/rick/internal/git/commit.go:153.16,155.3 1 0
github.com/sunquan/rick/internal/git/commit.go:157.2,158.16 2 1
github.com/sunquan/rick/internal/git/commit.go:158.16,160.3 1 0
github.com/sunquan/rick/internal/git/commit.go:163.2,165.23 2 1
github.com/sunquan/rick/internal/git/commit.go:165.23,167.50 1 1
github.com/sunquan/rick/internal/git/commit.go:167.50,169.4 1 0
github.com/sunquan/rick/internal/git/commit.go:173.2,173.40 1 1
github.com/sunquan/rick/internal/git/commit.go:177.75,180.16 2 1
github.com/sunquan/rick/internal/git/commit.go:180.16,182.3 1 0
github.com/sunquan/rick/internal/git/commit.go:184.2,185.16 2 1
github.com/sunquan/rick/internal/git/commit.go:185.16,187.3 1 0
github.com/sunquan/rick/internal/git/commit.go:190.2,192.23 2 1
github.com/sunquan/rick/internal/git/commit.go:192.23,194.50 1 1
github.com/sunquan/rick/internal/git/commit.go:194.50,196.4 1 0
github.com/sunquan/rick/internal/git/commit.go:200.2,200.37 1 1
github.com/sunquan/rick/internal/git/commit.go:204.79,207.16 2 1
github.com/sunquan/rick/internal/git/commit.go:207.16,209.3 1 0
github.com/sunquan/rick/internal/git/commit.go:211.2,212.16 2 1
github.com/sunquan/rick/internal/git/commit.go:212.16,214.3 1 0
github.com/sunquan/rick/internal/git/commit.go:217.2,219.23 2 1
github.com/sunquan/rick/internal/git/commit.go:219.23,221.50 1 1
github.com/sunquan/rick/internal/git/commit.go:221.50,223.4 1 0
github.com/sunquan/rick/internal/git/commit.go:227.2,227.41 1 1
github.com/sunquan/rick/internal/git/commit.go:231.93,232.36 1 1
github.com/sunquan/rick/internal/git/commit.go:232.36,234.3 1 0
github.com/sunquan/rick/internal/git/commit.go:236.2,236.21 1 1
github.com/sunquan/rick/internal/git/commit.go:236.21,238.3 1 1
github.com/sunquan/rick/internal/git/commit.go:241.2,241.46 1 1
github.com/sunquan/rick/internal/git/commit.go:241.46,243.3 1 0
github.com/sunquan/rick/internal/git/commit.go:246.2,246.40 1 1
github.com/sunquan/rick/internal/git/commit.go:250.53,254.16 4 1
github.com/sunquan/rick/internal/git/commit.go:254.16,256.3 1 0
github.com/sunquan/rick/internal/git/commit.go:258.2,258.56 1 1
github.com/sunquan/rick/internal/git/commit.go:263.83,268.16 3 1
github.com/sunquan/rick/internal/git/commit.go:268.16,270.3 1 0
github.com/sunquan/rick/internal/git/commit.go:271.2,275.16 3 1
github.com/sunquan/rick/internal/git/commit.go:275.16,277.3 1 0
github.com/sunquan/rick/internal/git/commit.go:278.2,282.16 3 1
github.com/sunquan/rick/internal/git/commit.go:282.16,284.3 1 0
github.com/sunquan/rick/internal/git/commit.go:285.2,287.20 2 1
github.com/sunquan/rick/internal/git/git.go:26.39,30.2 1 1
github.com/sunquan/rick/internal/git/git.go:33.40,34.55 1 1
github.com/sunquan/rick/internal/git/git.go:34.55,36.3 1 1
github.com/sunquan/rick/internal/git/git.go:38.2,40.34 3 1
github.com/sunquan/rick/internal/git/git.go:40.34,42.3 1 0
github.com/sunquan/rick/internal/git/git.go:44.2,44.12 1 1
github.com/sunquan/rick/internal/git/git.go:48.54,49.21 1 1
github.com/sunquan/rick/internal/git/git.go:49.21,51.3 1 1
github.com/sunquan/rick/internal/git/git.go:53.2,56.34 4 1
github.com/sunquan/rick/internal/git/git.go:56.34,58.3 1 0
github.com/sunquan/rick/internal/git/git.go:60.2,60.12 1 1
github.com/sunquan/rick/internal/git/git.go:64.52,65.19 1 1
github.com/sunquan/rick/internal/git/git.go:65.19,67.3 1 1
github.com/sunquan/rick/internal/git/git.go:69.2,71.34 3 1
github.com/sunquan/rick/internal/git/git.go:71.34,73.3 1 0
github.com/sunquan/rick/internal/git/git.go:75.2,75.12 1 1
github.com/sunquan/rick/internal/git/git.go:79.63,80.16 1 1
github.com/sunquan/rick/internal/git/git.go:80.16,82.3 1 1
github.com/sunquan/rick/internal/git/git.go:84.2,88.16 5 1
github.com/sunquan/rick/internal/git/git.go:88.16,90.3 1 1
github.com/sunquan/rick/internal/git/git.go:92.2,95.37 3 1
github.com/sunquan/rick/internal/git/git.go:95.37,96.24 1 1
github.com/sunquan/rick/internal/git/git.go:96.24,97.9 1 0
github.com/sunquan/rick/internal/git/git.go:100.3,102.17 3 1
github.com/sunquan/rick/internal/git/git.go:102.17,104.4 1 0
github.com/sunquan/rick/internal/git/git.go:106.3,111.5 1 1
github.com/sunquan/rick/internal/git/git.go:114.2,114.21 1 1
github.com/sunquan/rick/internal/git/git.go:118.58,122.16 4 1
github.com/sunquan/rick/internal/git/git.go:122.16,124.3 1 1
github.com/sunquan/rick/internal/git/git.go:126.2,127.20 2 1
github.com/sunquan/rick/internal/git/git.go:131.43,135.2 3 1
github.com/sunquan/rick/internal/git/git.go:138.44,140.2 1 1
github.com/sunquan/rick/internal/git/rollback.go:15.58,19.2 1 1
github.com/sunquan/rick/internal/git/rollback.go:23.61,24.16 1 1
github.com/sunquan/rick/internal/git/rollback.go:24.16,26.3 1 1
github.com/sunquan/rick/internal/git/rollback.go:29.2,29.46 1 1
github.com/sunquan/rick/internal/git/rollback.go:29.46,31.3 1 1
github.com/sunquan/rick/internal/git/rollback.go:34.2,34.53 1 1
github.com/sunquan/rick/internal/git/rollback.go:34.53,36.3 1 0
github.com/sunquan/rick/internal/git/rollback.go:39.2,41.34 3 1
github.com/sunquan/rick/internal/git/rollback.go:41.34,43.3 1 0
github.com/sunquan/rick/internal/git/rollback.go:45.2,45.12 1 1
github.com/sunquan/rick/internal/git/rollback.go:50.65,51.19 1 1
github.com/sunquan/rick/internal/git/rollback.go:51.19,53.3 1 1
github.com/sunquan/rick/internal/git/rollback.go:56.2,58.16 3 1
github.com/sunquan/rick/internal/git/rollback.go:58.16,60.3 1 0
github.com/sunquan/rick/internal/git/rollback.go:62.2,62.13 1 1
github.com/sunquan/rick/internal/git/rollback.go:62.13,64.3 1 1
github.com/sunquan/rick/internal/git/rollback.go:67.2,67.53 1 1
github.com/sunquan/rick/internal/git/rollback.go:67.53,69.3 1 0
github.com/sunquan/rick/internal/git/rollback.go:72.2,73.16 2 1
github.com/sunquan/rick/internal/git/rollback.go:73.16,75.3 1 0
github.com/sunquan/rick/internal/git/rollback.go:78.2,80.34 3 1
github.com/sunquan/rick/internal/git/rollback.go:80.34,82.3 1 0
github.com/sunquan/rick/internal/git/rollback.go:84.2,84.12 1 1
github.com/sunquan/rick/internal/git/rollback.go:96.85,97.40 1 1
github.com/sunquan/rick/internal/git/rollback.go:97.40,99.3 1 1
github.com/sunquan/rick/internal/git/rollback.go:102.2,105.16 4 1
github.com/sunquan/rick/internal/git/rollback.go:105.16,107.3 1 0
github.com/sunquan/rick/internal/git/rollback.go:109.2,112.29 3 1
github.com/sunquan/rick/internal/git/rollback.go:112.29,113.17 1 1
github.com/sunquan/rick/internal/git/rollback.go:113.17,114.12 1 0
github.com/sunquan/rick/internal/git/rollback.go:117.3,118.21 2 1
github.com/sunquan/rick/internal/git/rollback.go:118.21,119.12 1 0
github.com/sunquan/rick/internal/git/rollback.go:122.3,129.17 6 1
github.com/sunquan/rick/internal/git/rollback.go:129.17,131.12 1 0
github.com/sunquan/rick/internal/git/rollback.go:134.3,138.5 1 1
github.com/sunquan/rick/internal/git/rollback.go:141.2,141.19 1 1
github.com/sunquan/rick/internal/git/rollback.go:153.88,154.20 1 1
github.com/sunquan/rick/internal/git/rollback.go:154.20,156.3 1 1
github.com/sunquan/rick/internal/git/rollback.go:159.2,163.16 5 1
github.com/sunquan/rick/internal/git/rollback.go:163.16,165.3 1 0
github.com/sunquan/rick/internal/git/rollback.go:167.2,170.37 3 1
github.com/sunquan/rick/internal/git/rollback.go:170.37,171.24 1 1
github.com/sunquan/rick/internal/git/rollback.go:171.24,172.9 1 1
github.com/sunquan/rick/internal/git/rollback.go:175.3,180.5 1 1
github.com/sunquan/rick/internal/git/rollback.go:183.2,183.21 1 1
github.com/sunquan/rick/internal/git/rollback.go:187.60,190.34 3 1
github.com/sunquan/rick/internal/git/rollback.go:190.34,192.3 1 1
github.com/sunquan/rick/internal/git/rollback.go:193.2,193.12 1 1
github.com/sunquan/rick/internal/git/rollback.go:198.60,202.16 4 1
github.com/sunquan/rick/internal/git/rollback.go:202.16,204.3 1 0
github.com/sunquan/rick/internal/git/rollback.go:206.2,206.45 1 1
github.com/sunquan/rick/internal/git/rollback.go:206.45,208.3 1 0
github.com/sunquan/rick/internal/git/rollback.go:210.2,210.12 1 1
github.com/sunquan/rick/internal/git/rollback.go:214.66,218.16 4 1
github.com/sunquan/rick/internal/git/rollback.go:218.16,220.3 1 0
github.com/sunquan/rick/internal/git/rollback.go:222.2,222.53 1 1
github.com/sunquan/rick/internal/git/rollback.go:226.67,230.16 4 1
github.com/sunquan/rick/internal/git/rollback.go:230.16,232.3 1 0
github.com/sunquan/rick/internal/git/rollback.go:234.2,234.47 1 1
github.com/sunquan/rick/internal/git/rollback.go:238.72,239.16 1 1
github.com/sunquan/rick/internal/git/rollback.go:239.16,241.3 1 1
github.com/sunquan/rick/internal/git/rollback.go:244.2,247.16 4 1
github.com/sunquan/rick/internal/git/rollback.go:247.16,249.3 1 1
github.com/sunquan/rick/internal/git/rollback.go:251.2,251.47 1 1
github.com/sunquan/rick/internal/git/version.go:26.56,30.2 1 1
github.com/sunquan/rick/internal/git/version.go:33.49,38.2 3 1
github.com/sunquan/rick/internal/git/version.go:42.68,43.19 1 1
github.com/sunquan/rick/internal/git/version.go:43.19,45.3 1 1
github.com/sunquan/rick/internal/git/version.go:47.2,47.37 1 1
github.com/sunquan/rick/internal/git/version.go:47.37,49.3 1 1
github.com/sunquan/rick/internal/git/version.go:51.2,51.19 1 1
github.com/sunquan/rick/internal/git/version.go:51.19,53.3 1 1
github.com/sunquan/rick/internal/git/version.go:56.2,58.34 3 1
github.com/sunquan/rick/internal/git/version.go:58.34,60.3 1 0
github.com/sunquan/rick/internal/git/version.go:62.2,62.12 1 1
github.com/sunquan/rick/internal/git/version.go:67.63,72.16 4 1
github.com/sunquan/rick/internal/git/version.go:72.16,75.3 1 1
github.com/sunquan/rick/internal/git/version.go:77.2,78.21 2 1
github.com/sunquan/rick/internal/git/version.go:82.64,87.16 4 1
github.com/sunquan/rick/internal/git/version.go:87.16,89.3 1 0
github.com/sunquan/rick/internal/git/version.go:91.2,94.27 3 1
github.com/sunquan/rick/internal/git/version.go:94.27,96.16 2 1
github.com/sunquan/rick/internal/git/version.go:96.16,97.12 1 1
github.com/sunquan/rick/internal/git/version.go:101.3,101.34 1 1
github.com/sunquan/rick/internal/git/version.go:101.34,102.12 1 0
github.com/sunquan/rick/internal/git/version.go:106.3,107.17 2 1
github.com/sunquan/rick/internal/git/version.go:107.17,108.12 1 0
github.com/sunquan/rick/internal/git/version.go:111.3,112.17 2 1
github.com/sunquan/rick/internal/git/version.go:112.17,113.12 1 0
github.com/sunquan/rick/internal/git/version.go:116.3,117.17 2 1
github.com/sunquan/rick/internal/git/version.go:117.17,118.12 1 0
github.com/sunquan/rick/internal/git/version.go:121.3,126.5 1 1
github.com/sunquan/rick/internal/git/version.go:130.2,130.43 1 1
github.com/sunquan/rick/internal/git/version.go:130.43,132.3 1 1
github.com/sunquan/rick/internal/git/version.go:134.2,134.22 1 1
github.com/sunquan/rick/internal/git/version.go:139.58,140.19 1 1
github.com/sunquan/rick/internal/git/version.go:140.19,142.3 1 0
github.com/sunquan/rick/internal/git/version.go:144.2,146.34 3 1
github.com/sunquan/rick/internal/git/version.go:146.34,148.3 1 0
github.com/sunquan/rick/internal/git/version.go:150.2,150.12 1 1
github.com/sunquan/rick/internal/git/version.go:154.66,158.16 4 1
github.com/sunquan/rick/internal/git/version.go:158.16,160.3 1 0
github.com/sunquan/rick/internal/git/version.go:162.2,162.47 1 1
github.com/sunquan/rick/internal/git/version.go:166.69,170.16 4 1
github.com/sunquan/rick/internal/git/version.go:170.16,172.3 1 0
github.com/sunquan/rick/internal/git/version.go:175.2,177.20 3 1
github.com/sunquan/rick/internal/git/version.go:177.20,179.3 1 1
github.com/sunquan/rick/internal/git/version.go:181.2,181.16 1 0
github.com/sunquan/rick/internal/git/version.go:185.69,189.16 4 1
github.com/sunquan/rick/internal/git/version.go:189.16,191.3 1 0
github.com/sunquan/rick/internal/git/version.go:193.2,195.16 3 1
github.com/sunquan/rick/internal/git/version.go:195.16,197.3 1 0
github.com/sunquan/rick/internal/git/version.go:199.2,199.18 1 1
github.com/sunquan/rick/internal/git/version.go:203.55,204.15 1 1
github.com/sunquan/rick/internal/git/version.go:204.15,206.3 1 0
github.com/sunquan/rick/internal/git/version.go:208.2,210.34 3 1
github.com/sunquan/rick/internal/git/version.go:210.34,212.3 1 0
github.com/sunquan/rick/internal/git/version.go:214.2,214.12 1 1
github.com/sunquan/rick/internal/git/version.go:218.63,222.16 4 1
github.com/sunquan/rick/internal/git/version.go:222.16,224.3 1 0
github.com/sunquan/rick/internal/git/version.go:226.2,226.53 1 1
github.com/sunquan/rick/internal/git/version.go:230.79,231.19 1 1
github.com/sunquan/rick/internal/git/version.go:231.19,233.3 1 0
github.com/sunquan/rick/internal/git/version.go:236.2,237.16 2 1
github.com/sunquan/rick/internal/git/version.go:237.16,239.3 1 0
github.com/sunquan/rick/internal/git/version.go:241.2,241.13 1 1
github.com/sunquan/rick/internal/git/version.go:241.13,243.3 1 1
github.com/sunquan/rick/internal/git/version.go:246.2,247.16 2 1
github.com/sunquan/rick/internal/git/version.go:247.16,249.3 1 0
github.com/sunquan/rick/internal/git/version.go:251.2,252.16 2 1
github.com/sunquan/rick/internal/git/version.go:252.16,254.3 1 0
github.com/sunquan/rick/internal/git/version.go:256.2,257.16 2 1
github.com/sunquan/rick/internal/git/version.go:257.16,259.3 1 0
github.com/sunquan/rick/internal/git/version.go:261.2,266.8 1 1
